STARTING JOB: Nov 26  16:40:31  2018
 ============================================================================
 Initialization time:  1.7793000E-02 (second)
 Initialization time:  2.9654999E-04 (minutes)
 Initialization time:  4.9424998E-06 (hours)
 -------------------------------------------------
 Warmup time:  0.3962670     (second)
 Warmup time:  6.6044503E-03 (minutes)
 Warmup time:  1.1007417E-04 (hours)
 -------------------------------------------------
 Meas time:   1.345741     (second)
 Meas time:  2.2429017E-02 (minutes)
 Meas time:  3.7381696E-04 (hours)
 ============================================================================
 General Geometry - Free Format                                                 
  
                          U :            0.000000
                       t_up :            1.000000
                       t_dn :            1.000000
                      mu_up :            0.000000
                      mu_dn :            0.000000
             Time slice - L :           20
            Number of sites :           16
                       dtau :            0.100000
                       beta :            2.000000
     Number of warmup sweep :         1500
Number of measurement sweep :         4000/10  * MPI =   1
 Warm steps between measure :           10
                Random seed :      1234567
 Frequency of recomputing G :           12
Global move number of sites :            0
Global move in warmup       :            0
               Accept count :       872589
               Reject count :       817750
    Approximate accept rate :            0.516221
                      gamma :            0.936802
           Type of matrix B : Dense MatB  
         Type of matrix HSF : discrete
 Sign of equal time measurements:
                   Avg sign :   0.10000000E+01  0.00000000E+00
                Avg up sign :   0.10000000E+01  0.00000000E+00
                Avg dn sign :   0.10000000E+01  0.00000000E+00
============================================================================
 Equal time measurements:
                    Density :   0.10000000E+01  0.00000000E+00
          Up spin occupancy :   0.50000000E+00  0.00000000E+00
        Down spin occupancy :   0.50000000E+00  0.00000000E+00
               <N_up*N_dn>  :   0.25000000E+00  0.00000000E+00
         Local moment <m^2> :   0.50000000E+00  0.00000000E+00
               Total energy :  -0.14636922E+01  0.00000000E+00
Kinetic energy=Ehop+mu_term :  -0.14636922E+01  0.00000000E+00
           Potential energy :   0.00000000E+00  0.00000000E+00
             Hopping energy :  -0.14636922E+01  0.00000000E+00
          UP Kinetic energy :  -0.73184611E+00  0.00000000E+00
          DN Kinetic energy :  -0.73184611E+00  0.00000000E+00
                      <-Kx> :   0.73184611E+00  0.00000000E+00
                   <-Kx_up> :   0.36592306E+00  0.00000000E+00
                   <-Kx_dn> :   0.36592306E+00  0.00000000E+00
                Chi_thermal :   0.14000000E+02  0.13481601E-12
              Specific heat :  -0.46550184E+02  0.13481601E-12
  XX Ferro structure factor :   0.20524652E+00  0.00000000E+00
  ZZ Ferro structure factor :   0.20524652E+00  0.00000000E+00
     XX AF structure factor :   0.79475348E+00  0.00000000E+00
  Root Mean Square of XX AF :   0.79475348E+00  0.00000000E+00
     ZZ AF structure factor :   0.79475348E+00  0.00000000E+00
  Root Mean Square of ZZ AF :   0.79475348E+00  0.00000000E+00
    CDW AF structure factor :   0.79475348E+00  0.00000000E+00
Den*Den AF structure factor :   0.79475348E+00  0.00000000E+00
Den+Den AF structure factor :   0.00000000E+00  0.00000000E+00
 s-wave FM structure factor :   0.39737674E+00  0.00000000E+00
============================================================================
 Mean Equal time Green's function:
  0  0   16   0.000   0.000   0.000       0.50000000E+00  0.00000000E+00
  0  0   64   1.000   0.000   0.000      -0.18296153E+00  0.00000000E+00
  0  0   32   2.000   0.000   0.000      -0.18667070E-15  0.00000000E+00
  0  0   64   1.000   1.000   0.000      -0.12084141E-15  0.00000000E+00
  0  0   64   2.000   1.000   0.000       0.58045366E-01  0.00000000E+00
  0  0   16   2.000   2.000   0.000       0.49409365E-15  0.00000000E+00
============================================================================
 Up Equal time Green's function:
  0  0   16   0.000   0.000   0.000       0.50000000E+00  0.00000000E+00
  0  0   64   1.000   0.000   0.000      -0.18296153E+00  0.00000000E+00
  0  0   32   2.000   0.000   0.000      -0.18667070E-15  0.00000000E+00
  0  0   64   1.000   1.000   0.000      -0.12084141E-15  0.00000000E+00
  0  0   64   2.000   1.000   0.000       0.58045366E-01  0.00000000E+00
  0  0   16   2.000   2.000   0.000       0.49409365E-15  0.00000000E+00
============================================================================
 Down Equal time Green's function:
  0  0   16   0.000   0.000   0.000       0.50000000E+00  0.00000000E+00
  0  0   64   1.000   0.000   0.000      -0.18296153E+00  0.00000000E+00
  0  0   32   2.000   0.000   0.000      -0.18667070E-15  0.00000000E+00
  0  0   64   1.000   1.000   0.000      -0.12084141E-15  0.00000000E+00
  0  0   64   2.000   1.000   0.000       0.58045366E-01  0.00000000E+00
  0  0   16   2.000   2.000   0.000       0.49409365E-15  0.00000000E+00
============================================================================
 Density-density correlation fn: (up-up)
  0  0   16   0.000   0.000   0.000       0.50000000E+00  0.00000000E+00
  0  0   64   1.000   0.000   0.000       0.21652508E+00  0.00000000E+00
  0  0   32   2.000   0.000   0.000       0.25000000E+00  0.00000000E+00
  0  0   64   1.000   1.000   0.000       0.25000000E+00  0.00000000E+00
  0  0   64   2.000   1.000   0.000       0.24663074E+00  0.00000000E+00
  0  0   16   2.000   2.000   0.000       0.25000000E+00  0.00000000E+00
============================================================================
 Density-density correlation fn: (up-dn)
  0  0   16   0.000   0.000   0.000       0.25000000E+00  0.00000000E+00
  0  0   64   1.000   0.000   0.000       0.25000000E+00  0.00000000E+00
  0  0   32   2.000   0.000   0.000       0.25000000E+00  0.00000000E+00
  0  0   64   1.000   1.000   0.000       0.25000000E+00  0.00000000E+00
  0  0   64   2.000   1.000   0.000       0.25000000E+00  0.00000000E+00
  0  0   16   2.000   2.000   0.000       0.25000000E+00  0.00000000E+00
============================================================================
 XX Spin correlation function:
  0  0   16   0.000   0.000   0.000       0.50000000E+00  0.00000000E+00
  0  0   64   1.000   0.000   0.000      -0.66949842E-01  0.00000000E+00
  0  0   32   2.000   0.000   0.000      -0.15326592E-30  0.00000000E+00
  0  0   64   1.000   1.000   0.000      -0.38509316E-30  0.00000000E+00
  0  0   64   2.000   1.000   0.000      -0.67385291E-02  0.00000000E+00
  0  0   16   2.000   2.000   0.000      -0.10641679E-29  0.00000000E+00
============================================================================
 ZZ Spin correlation function:
  0  0   16   0.000   0.000   0.000       0.50000000E+00  0.00000000E+00
  0  0   64   1.000   0.000   0.000      -0.66949842E-01  0.00000000E+00
  0  0   32   2.000   0.000   0.000       0.00000000E+00  0.00000000E+00
  0  0   64   1.000   1.000   0.000       0.00000000E+00  0.00000000E+00
  0  0   64   2.000   1.000   0.000      -0.67385291E-02  0.00000000E+00
  0  0   16   2.000   2.000   0.000       0.00000000E+00  0.00000000E+00
============================================================================
 Average Spin correlation function:
  0  0   16   0.000   0.000   0.000       0.50000000E+00  0.00000000E+00
  0  0   64   1.000   0.000   0.000      -0.66949842E-01  0.00000000E+00
  0  0   32   2.000   0.000   0.000      -0.10217728E-30  0.00000000E+00
  0  0   64   1.000   1.000   0.000      -0.25672877E-30  0.00000000E+00
  0  0   64   2.000   1.000   0.000      -0.67385291E-02  0.00000000E+00
  0  0   16   2.000   2.000   0.000      -0.70944526E-30  0.00000000E+00
============================================================================
 Pairing correlation function:
  0  0   16   0.000   0.000   0.000       0.25000000E+00  0.00000000E+00
  0  0   64   1.000   0.000   0.000       0.33474921E-01  0.00000000E+00
  0  0   32   2.000   0.000   0.000       0.17470678E-30  0.00000000E+00
  0  0   64   1.000   1.000   0.000       0.27899494E-30  0.00000000E+00
  0  0   64   2.000   1.000   0.000       0.33692645E-02  0.00000000E+00
  0  0   16   2.000   2.000   0.000       0.58895365E-30  0.00000000E+00
============================================================================
 Grid for Green's function
  K-points
  Class
    1         0.00000   0.00000
 
    2         0.00000  -1.57080
              0.00000   1.57080
             -1.57080   0.00000
              1.57080   0.00000
 
    3        -1.57080  -1.57080
              1.57080  -1.57080
             -1.57080   1.57080
              1.57080   1.57080
 
    4         0.00000  -3.14159
             -3.14159   0.00000
 
    5        -1.57080  -3.14159
              1.57080  -3.14159
             -3.14159  -1.57080
             -3.14159   1.57080
 
    6        -3.14159  -3.14159
 
============================================================================
 Grid for spin/charge correlations
  K-points
  Class
    1         0.00000   0.00000
 
    2         0.00000  -1.57080
              0.00000   1.57080
             -1.57080   0.00000
              1.57080   0.00000
 
    3        -1.57080  -1.57080
              1.57080  -1.57080
             -1.57080   1.57080
              1.57080   1.57080
 
    4         0.00000  -3.14159
             -3.14159   0.00000
 
    5        -1.57080  -3.14159
              1.57080  -3.14159
             -3.14159  -1.57080
             -3.14159   1.57080
 
    6        -3.14159  -3.14159
 
============================================================================
 FT of Ave Equal t Green's function:
    1    0    0                 0.33535013E-03  0.52041704E-16
    2    0    0                 0.17986210E-01  0.20816682E-16
    3    0    0                 0.50000000E+00  0.00000000E+00
    4    0    0                 0.50000000E+00  0.00000000E+00
    5    0    0                 0.98201379E+00  0.00000000E+00
    6    0    0                 0.99966465E+00  0.00000000E+00
============================================================================
 FT of Up Equal t Green's function:
    1    0    0                 0.33535013E-03  0.52041704E-16
    2    0    0                 0.17986210E-01  0.20816682E-16
    3    0    0                 0.50000000E+00  0.00000000E+00
    4    0    0                 0.50000000E+00  0.00000000E+00
    5    0    0                 0.98201379E+00  0.00000000E+00
    6    0    0                 0.99966465E+00  0.00000000E+00
============================================================================
 FT of Dn Equal t Green's function:
    1    0    0                 0.33535013E-03  0.52041704E-16
    2    0    0                 0.17986210E-01  0.20816682E-16
    3    0    0                 0.50000000E+00  0.00000000E+00
    4    0    0                 0.50000000E+00  0.00000000E+00
    5    0    0                 0.98201379E+00  0.00000000E+00
    6    0    0                 0.99966465E+00  0.00000000E+00
============================================================================
 FT of Density-density correlation fn: (up-up)
    1    0    0                 0.41026233E+01  0.00000000E+00
    2    0    0                 0.18978869E+00  0.14988011E-14
    3    0    0                 0.25000000E+00  0.33306691E-15
    4    0    0                 0.25000000E+00  0.00000000E+00
    5    0    0                 0.31021131E+00  0.16653345E-15
    6    0    0                 0.39737674E+00  0.16653345E-15
============================================================================
 FT of Density-density correlation fn: (up-dn)
    1    0    0                 0.40000000E+01  0.00000000E+00
    2    0    0                 0.22724878E-15  0.44235449E-15
    3    0    0                 0.36429193E-16  0.41633363E-16
    4    0    0                 0.19081958E-16  0.20296265E-15
    5    0    0                -0.31051550E-15  0.41633363E-16
    6    0    0                -0.51174343E-15  0.37470027E-15
============================================================================
 FT of XX spin correlation fn:
    1    0    0                 0.20524652E+00  0.00000000E+00
    2    0    0                 0.37957737E+00  0.00000000E+00
    3    0    0                 0.50000000E+00  0.00000000E+00
    4    0    0                 0.50000000E+00  0.00000000E+00
    5    0    0                 0.62042263E+00  0.00000000E+00
    6    0    0                 0.79475348E+00  0.00000000E+00
============================================================================
 FT of ZZ spin correlation fn:
    1    0    0                 0.20524652E+00  0.00000000E+00
    2    0    0                 0.37957737E+00  0.00000000E+00
    3    0    0                 0.50000000E+00  0.00000000E+00
    4    0    0                 0.50000000E+00  0.00000000E+00
    5    0    0                 0.62042263E+00  0.00000000E+00
    6    0    0                 0.79475348E+00  0.00000000E+00
============================================================================
 FT of Average spin correlation fn:
    1    0    0                 0.20524652E+00  0.00000000E+00
    2    0    0                 0.37957737E+00  0.00000000E+00
    3    0    0                 0.50000000E+00  0.00000000E+00
    4    0    0                 0.50000000E+00  0.00000000E+00
    5    0    0                 0.62042263E+00  0.00000000E+00
    6    0    0                 0.79475348E+00  0.00000000E+00
============================================================================
 FT of Pairing correlation fn:
    1    0    0                 0.39737674E+00  0.00000000E+00
    2    0    0                 0.31021131E+00  0.00000000E+00
    3    0    0                 0.25000000E+00  0.00000000E+00
    4    0    0                 0.25000000E+00  0.00000000E+00
    5    0    0                 0.18978869E+00  0.00000000E+00
    6    0    0                 0.10262326E+00  0.41633363E-16
============================================================================
 Total time:   1.790271     (second)
 Total time:  2.9837850E-02 (minutes)
 Total time:  4.9729750E-04 (hours)
