 Gfun      0  0   16   0.000   0.000   0.000                                    
                      
   0.00000  0.50000000E+00  0.00000000E+00
   0.10000  0.43590555E+00  0.00000000E+00
   0.20000  0.38689424E+00  0.00000000E+00
   0.30000  0.34931631E+00  0.00000000E+00
   0.40000  0.32053718E+00  0.00000000E+00
   0.50000  0.29864906E+00  0.00000000E+00
   0.60000  0.28227231E+00  0.00000000E+00
   0.70000  0.27041885E+00  0.00000000E+00
   0.80000  0.26239883E+00  0.00000000E+00
   0.90000  0.25775824E+00  0.00000000E+00
   1.00000  0.25623924E+00  0.00000000E+00
   1.10000  0.25775824E+00  0.00000000E+00
   1.20000  0.26239883E+00  0.00000000E+00
   1.30000  0.27041885E+00  0.00000000E+00
   1.40000  0.28227231E+00  0.00000000E+00
   1.50000  0.29864906E+00  0.00000000E+00
   1.60000  0.32053718E+00  0.00000000E+00
   1.70000  0.34931631E+00  0.00000000E+00
   1.80000  0.38689424E+00  0.00000000E+00
   1.90000  0.43590555E+00  0.00000000E+00
============================================================================

 Gfun      0  0   64   1.000   0.000   0.000                                    
                      
   0.00000 -0.18296153E+00  0.00000000E+00
   0.10000 -0.13960425E+00  0.00000000E+00
   0.20000 -0.10695590E+00  0.00000000E+00
   0.30000 -0.82019686E-01  0.00000000E+00
   0.40000 -0.62662762E-01  0.00000000E+00
   0.50000 -0.47347136E-01  0.00000000E+00
   0.60000 -0.34944500E-01  0.00000000E+00
   0.70000 -0.24607677E-01  0.00000000E+00
   0.80000 -0.15679957E-01  0.00000000E+00
   0.90000 -0.76295283E-02  0.00000000E+00
   1.00000 -0.86608265E-16  0.00000000E+00
   1.10000  0.76295283E-02  0.00000000E+00
   1.20000  0.15679957E-01  0.00000000E+00
   1.30000  0.24607677E-01  0.00000000E+00
   1.40000  0.34944500E-01  0.00000000E+00
   1.50000  0.47347136E-01  0.00000000E+00
   1.60000  0.62662762E-01  0.00000000E+00
   1.70000  0.82019686E-01  0.00000000E+00
   1.80000  0.10695590E+00  0.00000000E+00
   1.90000  0.13960425E+00  0.00000000E+00
============================================================================

 Gfun      0  0   32   2.000   0.000   0.000                                    
                      
   0.00000 -0.18667070E-15  0.00000000E+00
   0.10000 -0.20587779E-01  0.00000000E+00
   0.20000 -0.34379711E-01  0.00000000E+00
   0.30000 -0.43612087E-01  0.00000000E+00
   0.40000 -0.49781887E-01  0.00000000E+00
   0.50000 -0.53889511E-01  0.00000000E+00
   0.60000 -0.56600990E-01  0.00000000E+00
   0.70000 -0.58355976E-01  0.00000000E+00
   0.80000 -0.59439030E-01  0.00000000E+00
   0.90000 -0.60025764E-01  0.00000000E+00
   1.00000 -0.60211313E-01  0.00000000E+00
   1.10000 -0.60025764E-01  0.00000000E+00
   1.20000 -0.59439030E-01  0.00000000E+00
   1.30000 -0.58355976E-01  0.00000000E+00
   1.40000 -0.56600990E-01  0.00000000E+00
   1.50000 -0.53889511E-01  0.00000000E+00
   1.60000 -0.49781887E-01  0.00000000E+00
   1.70000 -0.43612087E-01  0.00000000E+00
   1.80000 -0.34379711E-01  0.00000000E+00
   1.90000 -0.20587779E-01  0.00000000E+00
============================================================================

 Gfun      0  0   64   1.000   1.000   0.000                                    
                      
   0.00000 -0.12084141E-15  0.00000000E+00
   0.10000 -0.20587779E-01  0.00000000E+00
   0.20000 -0.34379711E-01  0.00000000E+00
   0.30000 -0.43612087E-01  0.00000000E+00
   0.40000 -0.49781887E-01  0.00000000E+00
   0.50000 -0.53889511E-01  0.00000000E+00
   0.60000 -0.56600990E-01  0.00000000E+00
   0.70000 -0.58355976E-01  0.00000000E+00
   0.80000 -0.59439030E-01  0.00000000E+00
   0.90000 -0.60025764E-01  0.00000000E+00
   1.00000 -0.60211313E-01  0.00000000E+00
   1.10000 -0.60025764E-01  0.00000000E+00
   1.20000 -0.59439030E-01  0.00000000E+00
   1.30000 -0.58355976E-01  0.00000000E+00
   1.40000 -0.56600990E-01  0.00000000E+00
   1.50000 -0.53889511E-01  0.00000000E+00
   1.60000 -0.49781887E-01  0.00000000E+00
   1.70000 -0.43612087E-01  0.00000000E+00
   1.80000 -0.34379711E-01  0.00000000E+00
   1.90000 -0.20587779E-01  0.00000000E+00
============================================================================

 Gfun      0  0   64   2.000   1.000   0.000                                    
                      
   0.00000  0.58045366E-01  0.00000000E+00
   0.10000  0.55904875E-01  0.00000000E+00
   0.20000  0.50901910E-01  0.00000000E+00
   0.30000  0.44522210E-01  0.00000000E+00
   0.40000  0.37641786E-01  0.00000000E+00
   0.50000  0.30745638E-01  0.00000000E+00
   0.60000  0.24070637E-01  0.00000000E+00
   0.70000  0.17698308E-01  0.00000000E+00
   0.80000  0.11614764E-01  0.00000000E+00
   0.90000  0.57493612E-02  0.00000000E+00
   1.00000 -0.52196903E-16  0.00000000E+00
   1.10000 -0.57493612E-02  0.00000000E+00
   1.20000 -0.11614764E-01  0.00000000E+00
   1.30000 -0.17698308E-01  0.00000000E+00
   1.40000 -0.24070637E-01  0.00000000E+00
   1.50000 -0.30745638E-01  0.00000000E+00
   1.60000 -0.37641786E-01  0.00000000E+00
   1.70000 -0.44522210E-01  0.00000000E+00
   1.80000 -0.50901910E-01  0.00000000E+00
   1.90000 -0.55904875E-01  0.00000000E+00
============================================================================

 Gfun      0  0   16   2.000   2.000   0.000                                    
                      
   0.00000  0.49409365E-15  0.00000000E+00
   0.10000  0.22918897E-01  0.00000000E+00
   0.20000  0.44346338E-01  0.00000000E+00
   0.30000  0.63459511E-01  0.00000000E+00
   0.40000  0.79899042E-01  0.00000000E+00
   0.50000  0.93571921E-01  0.00000000E+00
   0.60000  0.10452571E+00  0.00000000E+00
   0.70000  0.11286920E+00  0.00000000E+00
   0.80000  0.11872311E+00  0.00000000E+00
   0.90000  0.12219023E+00  0.00000000E+00
   1.00000  0.12333813E+00  0.00000000E+00
   1.10000  0.12219023E+00  0.00000000E+00
   1.20000  0.11872311E+00  0.00000000E+00
   1.30000  0.11286920E+00  0.00000000E+00
   1.40000  0.10452571E+00  0.00000000E+00
   1.50000  0.93571921E-01  0.00000000E+00
   1.60000  0.79899042E-01  0.00000000E+00
   1.70000  0.63459511E-01  0.00000000E+00
   1.80000  0.44346338E-01  0.00000000E+00
   1.90000  0.22918897E-01  0.00000000E+00
============================================================================

 SxSx      0  0   16   0.000   0.000   0.000                                    
                      
   0.00000  0.50000000E+00  0.00000000E+00
   0.10000  0.38002729E+00  0.00000000E+00
   0.20000  0.29937430E+00  0.00000000E+00
   0.30000  0.24404378E+00  0.00000000E+00
   0.40000  0.20548817E+00  0.00000000E+00
   0.50000  0.17838252E+00  0.00000000E+00
   0.60000  0.15935531E+00  0.00000000E+00
   0.70000  0.14625271E+00  0.00000000E+00
   0.80000  0.13770629E+00  0.00000000E+00
   0.90000  0.13287862E+00  0.00000000E+00
   1.00000  0.13131710E+00  0.00000000E+00
   1.10000  0.13287862E+00  0.00000000E+00
   1.20000  0.13770629E+00  0.00000000E+00
   1.30000  0.14625271E+00  0.00000000E+00
   1.40000  0.15935531E+00  0.00000000E+00
   1.50000  0.17838252E+00  0.00000000E+00
   1.60000  0.20548817E+00  0.00000000E+00
   1.70000  0.24404378E+00  0.00000000E+00
   1.80000  0.29937430E+00  0.00000000E+00
   1.90000  0.38002729E+00  0.00000000E+00
============================================================================

 SxSx      0  0   64   1.000   0.000   0.000                                    
                      
   0.00000 -0.66949842E-01  0.00000000E+00
   0.10000 -0.38978691E-01  0.00000000E+00
   0.20000 -0.22879131E-01  0.00000000E+00
   0.30000 -0.13454458E-01  0.00000000E+00
   0.40000 -0.78532436E-02  0.00000000E+00
   0.50000 -0.44835025E-02  0.00000000E+00
   0.60000 -0.24422362E-02  0.00000000E+00
   0.70000 -0.12110756E-02  0.00000000E+00
   0.80000 -0.49172211E-03  0.00000000E+00
   0.90000 -0.11641940E-03  0.00000000E+00
   1.00000  0.80790806E-31  0.00000000E+00
   1.10000 -0.11641940E-03  0.00000000E+00
   1.20000 -0.49172211E-03  0.00000000E+00
   1.30000 -0.12110756E-02  0.00000000E+00
   1.40000 -0.24422362E-02  0.00000000E+00
   1.50000 -0.44835025E-02  0.00000000E+00
   1.60000 -0.78532436E-02  0.00000000E+00
   1.70000 -0.13454458E-01  0.00000000E+00
   1.80000 -0.22879131E-01  0.00000000E+00
   1.90000 -0.38978691E-01  0.00000000E+00
============================================================================

 SxSx      0  0   32   2.000   0.000   0.000                                    
                      
   0.00000 -0.15326592E-30  0.00000000E+00
   0.10000  0.84771328E-03  0.00000000E+00
   0.20000  0.23639291E-02  0.00000000E+00
   0.30000  0.38040283E-02  0.00000000E+00
   0.40000  0.49564725E-02  0.00000000E+00
   0.50000  0.58081589E-02  0.00000000E+00
   0.60000  0.64073442E-02  0.00000000E+00
   0.70000  0.68108399E-02  0.00000000E+00
   0.80000  0.70659966E-02  0.00000000E+00
   0.90000  0.72061846E-02  0.00000000E+00
   1.00000  0.72508044E-02  0.00000000E+00
   1.10000  0.72061846E-02  0.00000000E+00
   1.20000  0.70659966E-02  0.00000000E+00
   1.30000  0.68108399E-02  0.00000000E+00
   1.40000  0.64073442E-02  0.00000000E+00
   1.50000  0.58081589E-02  0.00000000E+00
   1.60000  0.49564725E-02  0.00000000E+00
   1.70000  0.38040283E-02  0.00000000E+00
   1.80000  0.23639291E-02  0.00000000E+00
   1.90000  0.84771328E-03  0.00000000E+00
============================================================================

 SxSx      0  0   64   1.000   1.000   0.000                                    
                      
   0.00000 -0.38509316E-30  0.00000000E+00
   0.10000  0.84771328E-03  0.00000000E+00
   0.20000  0.23639291E-02  0.00000000E+00
   0.30000  0.38040283E-02  0.00000000E+00
   0.40000  0.49564725E-02  0.00000000E+00
   0.50000  0.58081589E-02  0.00000000E+00
   0.60000  0.64073442E-02  0.00000000E+00
   0.70000  0.68108399E-02  0.00000000E+00
   0.80000  0.70659966E-02  0.00000000E+00
   0.90000  0.72061846E-02  0.00000000E+00
   1.00000  0.72508044E-02  0.00000000E+00
   1.10000  0.72061846E-02  0.00000000E+00
   1.20000  0.70659966E-02  0.00000000E+00
   1.30000  0.68108399E-02  0.00000000E+00
   1.40000  0.64073442E-02  0.00000000E+00
   1.50000  0.58081589E-02  0.00000000E+00
   1.60000  0.49564725E-02  0.00000000E+00
   1.70000  0.38040283E-02  0.00000000E+00
   1.80000  0.23639291E-02  0.00000000E+00
   1.90000  0.84771328E-03  0.00000000E+00
============================================================================

 SxSx      0  0   64   2.000   1.000   0.000                                    
                      
   0.00000 -0.67385291E-02  0.00000000E+00
   0.10000 -0.62507100E-02  0.00000000E+00
   0.20000 -0.51820090E-02  0.00000000E+00
   0.30000 -0.39644544E-02  0.00000000E+00
   0.40000 -0.28338081E-02  0.00000000E+00
   0.50000 -0.18905886E-02  0.00000000E+00
   0.60000 -0.11587911E-02  0.00000000E+00
   0.70000 -0.62646021E-03  0.00000000E+00
   0.80000 -0.26980547E-03  0.00000000E+00
   0.90000 -0.66110309E-04  0.00000000E+00
   1.00000 -0.28919581E-32  0.00000000E+00
   1.10000 -0.66110309E-04  0.00000000E+00
   1.20000 -0.26980547E-03  0.00000000E+00
   1.30000 -0.62646021E-03  0.00000000E+00
   1.40000 -0.11587911E-02  0.00000000E+00
   1.50000 -0.18905886E-02  0.00000000E+00
   1.60000 -0.28338081E-02  0.00000000E+00
   1.70000 -0.39644544E-02  0.00000000E+00
   1.80000 -0.51820090E-02  0.00000000E+00
   1.90000 -0.62507100E-02  0.00000000E+00
============================================================================

 SxSx      0  0   16   2.000   2.000   0.000                                    
                      
   0.00000 -0.10641679E-29  0.00000000E+00
   0.10000  0.10505517E-02  0.00000000E+00
   0.20000  0.39331954E-02  0.00000000E+00
   0.30000  0.80542192E-02  0.00000000E+00
   0.40000  0.12767714E-01  0.00000000E+00
   0.50000  0.17511409E-01  0.00000000E+00
   0.60000  0.21851249E-01  0.00000000E+00
   0.70000  0.25478912E-01  0.00000000E+00
   0.80000  0.28190353E-01  0.00000000E+00
   0.90000  0.29860906E-01  0.00000000E+00
   1.00000  0.30424589E-01  0.00000000E+00
   1.10000  0.29860906E-01  0.00000000E+00
   1.20000  0.28190353E-01  0.00000000E+00
   1.30000  0.25478912E-01  0.00000000E+00
   1.40000  0.21851249E-01  0.00000000E+00
   1.50000  0.17511409E-01  0.00000000E+00
   1.60000  0.12767714E-01  0.00000000E+00
   1.70000  0.80542192E-02  0.00000000E+00
   1.80000  0.39331954E-02  0.00000000E+00
   1.90000  0.10505517E-02  0.00000000E+00
============================================================================

 SzSz      0  0   16   0.000   0.000   0.000                                    
                      
   0.00000  0.50000000E+00  0.00000000E+00
   0.10000  0.38002729E+00  0.00000000E+00
   0.20000  0.29937430E+00  0.00000000E+00
   0.30000  0.24404378E+00  0.00000000E+00
   0.40000  0.20548817E+00  0.00000000E+00
   0.50000  0.17838252E+00  0.00000000E+00
   0.60000  0.15935531E+00  0.00000000E+00
   0.70000  0.14625271E+00  0.00000000E+00
   0.80000  0.13770629E+00  0.00000000E+00
   0.90000  0.13287862E+00  0.00000000E+00
   1.00000  0.13131710E+00  0.00000000E+00
   1.10000  0.13287862E+00  0.00000000E+00
   1.20000  0.13770629E+00  0.00000000E+00
   1.30000  0.14625271E+00  0.00000000E+00
   1.40000  0.15935531E+00  0.00000000E+00
   1.50000  0.17838252E+00  0.00000000E+00
   1.60000  0.20548817E+00  0.00000000E+00
   1.70000  0.24404378E+00  0.00000000E+00
   1.80000  0.29937430E+00  0.00000000E+00
   1.90000  0.38002729E+00  0.00000000E+00
============================================================================

 SzSz      0  0   64   1.000   0.000   0.000                                    
                      
   0.00000 -0.66949842E-01  0.00000000E+00
   0.10000 -0.38978691E-01  0.00000000E+00
   0.20000 -0.22879131E-01  0.00000000E+00
   0.30000 -0.13454458E-01  0.00000000E+00
   0.40000 -0.78532436E-02  0.00000000E+00
   0.50000 -0.44835025E-02  0.00000000E+00
   0.60000 -0.24422362E-02  0.00000000E+00
   0.70000 -0.12110756E-02  0.00000000E+00
   0.80000 -0.49172211E-03  0.00000000E+00
   0.90000 -0.11641940E-03  0.00000000E+00
   1.00000  0.80790806E-31  0.00000000E+00
   1.10000 -0.11641940E-03  0.00000000E+00
   1.20000 -0.49172211E-03  0.00000000E+00
   1.30000 -0.12110756E-02  0.00000000E+00
   1.40000 -0.24422362E-02  0.00000000E+00
   1.50000 -0.44835025E-02  0.00000000E+00
   1.60000 -0.78532436E-02  0.00000000E+00
   1.70000 -0.13454458E-01  0.00000000E+00
   1.80000 -0.22879131E-01  0.00000000E+00
   1.90000 -0.38978691E-01  0.00000000E+00
============================================================================

 SzSz      0  0   32   2.000   0.000   0.000                                    
                      
   0.00000 -0.15326592E-30  0.00000000E+00
   0.10000  0.84771328E-03  0.00000000E+00
   0.20000  0.23639291E-02  0.00000000E+00
   0.30000  0.38040283E-02  0.00000000E+00
   0.40000  0.49564725E-02  0.00000000E+00
   0.50000  0.58081589E-02  0.00000000E+00
   0.60000  0.64073442E-02  0.00000000E+00
   0.70000  0.68108399E-02  0.00000000E+00
   0.80000  0.70659966E-02  0.00000000E+00
   0.90000  0.72061846E-02  0.00000000E+00
   1.00000  0.72508044E-02  0.00000000E+00
   1.10000  0.72061846E-02  0.00000000E+00
   1.20000  0.70659966E-02  0.00000000E+00
   1.30000  0.68108399E-02  0.00000000E+00
   1.40000  0.64073442E-02  0.00000000E+00
   1.50000  0.58081589E-02  0.00000000E+00
   1.60000  0.49564725E-02  0.00000000E+00
   1.70000  0.38040283E-02  0.00000000E+00
   1.80000  0.23639291E-02  0.00000000E+00
   1.90000  0.84771328E-03  0.00000000E+00
============================================================================

 SzSz      0  0   64   1.000   1.000   0.000                                    
                      
   0.00000 -0.38509316E-30  0.00000000E+00
   0.10000  0.84771328E-03  0.00000000E+00
   0.20000  0.23639291E-02  0.00000000E+00
   0.30000  0.38040283E-02  0.00000000E+00
   0.40000  0.49564725E-02  0.00000000E+00
   0.50000  0.58081589E-02  0.00000000E+00
   0.60000  0.64073442E-02  0.00000000E+00
   0.70000  0.68108399E-02  0.00000000E+00
   0.80000  0.70659966E-02  0.00000000E+00
   0.90000  0.72061846E-02  0.00000000E+00
   1.00000  0.72508044E-02  0.00000000E+00
   1.10000  0.72061846E-02  0.00000000E+00
   1.20000  0.70659966E-02  0.00000000E+00
   1.30000  0.68108399E-02  0.00000000E+00
   1.40000  0.64073442E-02  0.00000000E+00
   1.50000  0.58081589E-02  0.00000000E+00
   1.60000  0.49564725E-02  0.00000000E+00
   1.70000  0.38040283E-02  0.00000000E+00
   1.80000  0.23639291E-02  0.00000000E+00
   1.90000  0.84771328E-03  0.00000000E+00
============================================================================

 SzSz      0  0   64   2.000   1.000   0.000                                    
                      
   0.00000 -0.67385291E-02  0.00000000E+00
   0.10000 -0.62507100E-02  0.00000000E+00
   0.20000 -0.51820090E-02  0.00000000E+00
   0.30000 -0.39644544E-02  0.00000000E+00
   0.40000 -0.28338081E-02  0.00000000E+00
   0.50000 -0.18905886E-02  0.00000000E+00
   0.60000 -0.11587911E-02  0.00000000E+00
   0.70000 -0.62646021E-03  0.00000000E+00
   0.80000 -0.26980547E-03  0.00000000E+00
   0.90000 -0.66110309E-04  0.00000000E+00
   1.00000 -0.28919581E-32  0.00000000E+00
   1.10000 -0.66110309E-04  0.00000000E+00
   1.20000 -0.26980547E-03  0.00000000E+00
   1.30000 -0.62646021E-03  0.00000000E+00
   1.40000 -0.11587911E-02  0.00000000E+00
   1.50000 -0.18905886E-02  0.00000000E+00
   1.60000 -0.28338081E-02  0.00000000E+00
   1.70000 -0.39644544E-02  0.00000000E+00
   1.80000 -0.51820090E-02  0.00000000E+00
   1.90000 -0.62507100E-02  0.00000000E+00
============================================================================

 SzSz      0  0   16   2.000   2.000   0.000                                    
                      
   0.00000 -0.10641679E-29  0.00000000E+00
   0.10000  0.10505517E-02  0.00000000E+00
   0.20000  0.39331954E-02  0.00000000E+00
   0.30000  0.80542192E-02  0.00000000E+00
   0.40000  0.12767714E-01  0.00000000E+00
   0.50000  0.17511409E-01  0.00000000E+00
   0.60000  0.21851249E-01  0.00000000E+00
   0.70000  0.25478912E-01  0.00000000E+00
   0.80000  0.28190353E-01  0.00000000E+00
   0.90000  0.29860906E-01  0.00000000E+00
   1.00000  0.30424589E-01  0.00000000E+00
   1.10000  0.29860906E-01  0.00000000E+00
   1.20000  0.28190353E-01  0.00000000E+00
   1.30000  0.25478912E-01  0.00000000E+00
   1.40000  0.21851249E-01  0.00000000E+00
   1.50000  0.17511409E-01  0.00000000E+00
   1.60000  0.12767714E-01  0.00000000E+00
   1.70000  0.80542192E-02  0.00000000E+00
   1.80000  0.39331954E-02  0.00000000E+00
   1.90000  0.10505517E-02  0.00000000E+00
============================================================================

 Gfun      k=  1   cell_site_pair=  0,  0                                       
                      
   0.00000     0.33535013E-03  0.12490009E-15  0.00000000E+00  0.00000000E+00
   0.10000     0.50028361E-03  0.10408341E-15  0.00000000E+00  0.00000000E+00
   0.20000     0.74633544E-03  0.17694179E-15  0.00000000E+00  0.00000000E+00
   0.30000     0.11134016E-02  0.16653345E-15  0.00000000E+00  0.00000000E+00
   0.40000     0.16610001E-02  0.00000000E+00  0.00000000E+00  0.00000000E+00
   0.50000     0.24779209E-02  0.20816682E-15  0.00000000E+00  0.00000000E+00
   0.60000     0.36966236E-02  0.72858386E-16  0.00000000E+00  0.00000000E+00
   0.70000     0.55147144E-02  0.16653345E-15  0.00000000E+00  0.00000000E+00
   0.80000     0.82269872E-02  0.18735014E-15  0.00000000E+00  0.00000000E+00
   0.90000     0.12273223E-01  0.36429193E-15  0.00000000E+00  0.00000000E+00
   1.00000     0.18309497E-01  0.26020852E-15  0.00000000E+00  0.00000000E+00
   1.10000     0.27314559E-01  0.26020852E-15  0.00000000E+00  0.00000000E+00
   1.20000     0.40748534E-01  0.41633363E-16  0.00000000E+00  0.00000000E+00
   1.30000     0.60789670E-01  0.41633363E-16  0.00000000E+00  0.00000000E+00
   1.40000     0.90687531E-01  0.29143354E-15  0.00000000E+00  0.00000000E+00
   1.50000     0.13528990E+00  0.00000000E+00  0.00000000E+00  0.00000000E+00
   1.60000     0.20182881E+00  0.00000000E+00  0.00000000E+00  0.00000000E+00
   1.70000     0.30109321E+00  0.00000000E+00  0.00000000E+00  0.00000000E+00
   1.80000     0.44917828E+00  0.00000000E+00  0.00000000E+00  0.00000000E+00
   1.90000     0.67009525E+00  0.00000000E+00  0.00000000E+00  0.00000000E+00
============================================================================

 Gfun      k=  2   cell_site_pair=  0,  0                                       
                      
   0.00000     0.17986210E-01  0.83266727E-16  0.00000000E+00  0.10408341E-16
   0.10000     0.21968406E-01  0.41633363E-16 -0.17347235E-17  0.20816682E-16
   0.20000     0.26832272E-01  0.52041704E-16  0.78062556E-17  0.78062556E-17
   0.30000     0.32773011E-01  0.33306691E-15  0.17347235E-17  0.78062556E-17
   0.40000     0.40029046E-01  0.00000000E+00  0.00000000E+00  0.00000000E+00
   0.50000     0.48891588E-01  0.41633363E-16  0.30357661E-17  0.52041704E-17
   0.60000     0.59716320E-01  0.20816682E-16 -0.21684043E-17  0.14311469E-16
   0.70000     0.72937678E-01  0.00000000E+00  0.10842022E-17  0.65052130E-17
   0.80000     0.89086281E-01  0.16653345E-15  0.00000000E+00  0.00000000E+00
   0.90000     0.10881023E+00  0.12490009E-15  0.33068166E-17  0.11709383E-16
   1.00000     0.13290111E+00  0.83266727E-16  0.10762078E-17  0.26020852E-17
   1.10000     0.16232579E+00  0.16653345E-15 -0.97578196E-18  0.26020852E-17
   1.20000     0.19826516E+00  0.00000000E+00  0.28189256E-17  0.13010426E-17
   1.30000     0.24216162E+00  0.00000000E+00  0.43368087E-18  0.26020852E-17
   1.40000     0.29577687E+00  0.00000000E+00  0.43368087E-18  0.13010426E-16
   1.50000     0.36126268E+00  0.00000000E+00 -0.13010426E-17  0.14311469E-16
   1.60000     0.44124724E+00  0.00000000E+00  0.00000000E+00  0.00000000E+00
   1.70000     0.53894059E+00  0.00000000E+00  0.00000000E+00  0.00000000E+00
   1.80000     0.65826353E+00  0.00000000E+00  0.00000000E+00  0.26020852E-17
   1.90000     0.80400489E+00  0.00000000E+00  0.17347235E-17  0.00000000E+00
============================================================================

 Gfun      k=  3   cell_site_pair=  0,  0                                       
                      
   0.00000     0.50000000E+00  0.00000000E+00  0.17347235E-17  0.00000000E+00
   0.10000     0.50000000E+00  0.00000000E+00  0.00000000E+00  0.10408341E-16
   0.20000     0.50000000E+00  0.00000000E+00 -0.34694470E-17  0.13010426E-16
   0.30000     0.50000000E+00  0.00000000E+00 -0.26020852E-17  0.26020852E-17
   0.40000     0.50000000E+00  0.00000000E+00  0.17347235E-17  0.00000000E+00
   0.50000     0.50000000E+00  0.00000000E+00 -0.34694470E-17  0.13010426E-17
   0.60000     0.50000000E+00  0.00000000E+00 -0.86736174E-18  0.39031278E-17
   0.70000     0.50000000E+00  0.00000000E+00  0.65052130E-18  0.19515639E-17
   0.80000     0.50000000E+00  0.00000000E+00  0.00000000E+00  0.00000000E+00
   0.90000     0.50000000E+00  0.00000000E+00 -0.10842022E-18  0.00000000E+00
   1.00000     0.50000000E+00  0.00000000E+00  0.84740918E-32  0.00000000E+00
   1.10000     0.50000000E+00  0.16653345E-15 -0.10842022E-18  0.00000000E+00
   1.20000     0.50000000E+00  0.00000000E+00  0.10842022E-17  0.00000000E+00
   1.30000     0.50000000E+00  0.00000000E+00  0.00000000E+00  0.00000000E+00
   1.40000     0.50000000E+00  0.16653345E-15 -0.86736174E-18  0.00000000E+00
   1.50000     0.50000000E+00  0.00000000E+00 -0.13010426E-17  0.39031278E-17
   1.60000     0.50000000E+00  0.00000000E+00  0.17347235E-17  0.00000000E+00
   1.70000     0.50000000E+00  0.00000000E+00 -0.86736174E-18  0.00000000E+00
   1.80000     0.50000000E+00  0.00000000E+00 -0.43368087E-17  0.00000000E+00
   1.90000     0.50000000E+00  0.00000000E+00 -0.17347235E-17  0.10408341E-16
============================================================================

 Gfun      k=  4   cell_site_pair=  0,  0                                       
                      
   0.00000     0.50000000E+00  0.00000000E+00 -0.30814879E-32  0.00000000E+00
   0.10000     0.50000000E+00  0.00000000E+00 -0.48148249E-32  0.00000000E+00
   0.20000     0.50000000E+00  0.00000000E+00 -0.53926038E-32  0.00000000E+00
   0.30000     0.50000000E+00  0.00000000E+00  0.25037089E-32  0.00000000E+00
   0.40000     0.50000000E+00  0.00000000E+00  0.82814988E-32  0.00000000E+00
   0.50000     0.50000000E+00  0.00000000E+00 -0.62111241E-32  0.00000000E+00
   0.60000     0.50000000E+00  0.00000000E+00 -0.54889003E-32  0.00000000E+00
   0.70000     0.50000000E+00  0.00000000E+00 -0.37074151E-32  0.00000000E+00
   0.80000     0.50000000E+00  0.33306691E-15 -0.32740809E-32  0.00000000E+00
   0.90000     0.50000000E+00  0.00000000E+00  0.57416786E-32  0.00000000E+00
   1.00000     0.50000000E+00  0.00000000E+00  0.47031034E-33  0.00000000E+00
   1.10000     0.50000000E+00  0.00000000E+00  0.30694508E-32  0.00000000E+00
   1.20000     0.50000000E+00  0.00000000E+00 -0.13481510E-32  0.00000000E+00
   1.30000     0.50000000E+00  0.00000000E+00  0.85703883E-32  0.00000000E+00
   1.40000     0.50000000E+00  0.33306691E-15  0.28888949E-33  0.00000000E+00
   1.50000     0.50000000E+00  0.00000000E+00  0.46222319E-32  0.00000000E+00
   1.60000     0.50000000E+00  0.00000000E+00  0.40444529E-32  0.00000000E+00
   1.70000     0.50000000E+00  0.00000000E+00 -0.38518599E-33  0.00000000E+00
   1.80000     0.50000000E+00  0.00000000E+00 -0.23111159E-32  0.00000000E+00
   1.90000     0.50000000E+00  0.00000000E+00  0.28888949E-32  0.00000000E+00
============================================================================

 Gfun      k=  5   cell_site_pair=  0,  0                                       
                      
   0.00000     0.98201379E+00  0.00000000E+00  0.34694470E-17  0.00000000E+00
   0.10000     0.80400489E+00  0.00000000E+00 -0.69388939E-17  0.00000000E+00
   0.20000     0.65826353E+00  0.00000000E+00 -0.26020852E-17  0.26020852E-17
   0.30000     0.53894059E+00  0.00000000E+00  0.86736174E-18  0.26020852E-17
   0.40000     0.44124724E+00  0.00000000E+00  0.00000000E+00  0.00000000E+00
   0.50000     0.36126268E+00  0.00000000E+00 -0.13010426E-17  0.13010426E-17
   0.60000     0.29577687E+00  0.00000000E+00  0.00000000E+00  0.00000000E+00
   0.70000     0.24216162E+00  0.00000000E+00  0.21684043E-18  0.13010426E-17
   0.80000     0.19826516E+00  0.24980018E-15  0.21684043E-18  0.00000000E+00
   0.90000     0.16232579E+00  0.16653345E-15  0.54210109E-19  0.00000000E+00
   1.00000     0.13290111E+00  0.00000000E+00  0.27179079E-19  0.00000000E+00
   1.10000     0.10881023E+00  0.24980018E-15 -0.48789098E-18  0.13010426E-17
   1.20000     0.89086281E-01  0.00000000E+00 -0.10842022E-17  0.13010426E-17
   1.30000     0.72937678E-01  0.12490009E-15  0.21684043E-18  0.13010426E-17
   1.40000     0.59716320E-01  0.24980018E-15  0.43368087E-18  0.13010426E-17
   1.50000     0.48891588E-01  0.00000000E+00  0.00000000E+00  0.13010426E-17
   1.60000     0.40029046E-01  0.00000000E+00 -0.86736174E-18  0.00000000E+00
   1.70000     0.32773011E-01  0.00000000E+00 -0.26020852E-17  0.00000000E+00
   1.80000     0.26832272E-01  0.31225023E-16  0.17347235E-17  0.00000000E+00
   1.90000     0.21968406E-01  0.52041704E-16 -0.52041704E-17  0.00000000E+00
============================================================================

 Gfun      k=  6   cell_site_pair=  0,  0                                       
                      
   0.00000     0.99966465E+00  0.00000000E+00  0.25037089E-32  0.00000000E+00
   0.10000     0.67009525E+00  0.00000000E+00  0.34666739E-32  0.00000000E+00
   0.20000     0.44917828E+00  0.00000000E+00 -0.11555580E-32  0.00000000E+00
   0.30000     0.30109321E+00  0.00000000E+00 -0.12422248E-31  0.00000000E+00
   0.40000     0.20182881E+00  0.00000000E+00 -0.28888949E-32  0.00000000E+00
   0.50000     0.13528990E+00  0.00000000E+00  0.70296443E-32  0.00000000E+00
   0.60000     0.90687531E-01  0.00000000E+00 -0.11074097E-32  0.00000000E+00
   0.70000     0.60789670E-01  0.41633363E-16  0.55370486E-33  0.00000000E+00
   0.80000     0.40748534E-01  0.14571677E-15  0.68851996E-32  0.00000000E+00
   0.90000     0.27314559E-01  0.39551695E-15 -0.37194522E-32  0.00000000E+00
   1.00000     0.18309497E-01  0.29143354E-15  0.29740193E-32  0.00000000E+00
   1.10000     0.12273223E-01  0.24459601E-15  0.43453794E-32  0.00000000E+00
   1.20000     0.82269872E-02  0.98879238E-16  0.13674103E-31  0.00000000E+00
   1.30000     0.55147144E-02  0.10408341E-16  0.26481537E-33  0.00000000E+00
   1.40000     0.36966236E-02  0.17173762E-15 -0.48148249E-34  0.00000000E+00
   1.50000     0.24779209E-02  0.11449175E-15  0.46703801E-32  0.00000000E+00
   1.60000     0.16610001E-02  0.00000000E+00  0.30814879E-32  0.00000000E+00
   1.70000     0.11134016E-02  0.00000000E+00 -0.19259299E-32  0.00000000E+00
   1.80000     0.74633544E-03  0.20816682E-15 -0.14444475E-32  0.00000000E+00
   1.90000     0.50028361E-03  0.62450045E-16 -0.86666847E-32  0.00000000E+00
============================================================================

 SxSx      k=  1   cell_site_pair=  0,  0                                       
                      
   0.00000     0.20524652E+00  0.00000000E+00  0.00000000E+00  0.00000000E+00
   0.10000     0.20524652E+00  0.00000000E+00  0.00000000E+00  0.00000000E+00
   0.20000     0.20524652E+00  0.00000000E+00  0.00000000E+00  0.00000000E+00
   0.30000     0.20524652E+00  0.00000000E+00  0.00000000E+00  0.00000000E+00
   0.40000     0.20524652E+00  0.00000000E+00  0.00000000E+00  0.00000000E+00
   0.50000     0.20524652E+00  0.00000000E+00  0.00000000E+00  0.00000000E+00
   0.60000     0.20524652E+00  0.00000000E+00  0.00000000E+00  0.00000000E+00
   0.70000     0.20524652E+00  0.00000000E+00  0.00000000E+00  0.00000000E+00
   0.80000     0.20524652E+00  0.00000000E+00  0.00000000E+00  0.00000000E+00
   0.90000     0.20524652E+00  0.00000000E+00  0.00000000E+00  0.00000000E+00
   1.00000     0.20524652E+00  0.00000000E+00  0.00000000E+00  0.00000000E+00
   1.10000     0.20524652E+00  0.00000000E+00  0.00000000E+00  0.00000000E+00
   1.20000     0.20524652E+00  0.00000000E+00  0.00000000E+00  0.00000000E+00
   1.30000     0.20524652E+00  0.00000000E+00  0.00000000E+00  0.00000000E+00
   1.40000     0.20524652E+00  0.00000000E+00  0.00000000E+00  0.00000000E+00
   1.50000     0.20524652E+00  0.00000000E+00  0.00000000E+00  0.00000000E+00
   1.60000     0.20524652E+00  0.00000000E+00  0.00000000E+00  0.00000000E+00
   1.70000     0.20524652E+00  0.00000000E+00  0.00000000E+00  0.00000000E+00
   1.80000     0.20524652E+00  0.00000000E+00  0.00000000E+00  0.00000000E+00
   1.90000     0.20524652E+00  0.00000000E+00  0.00000000E+00  0.00000000E+00
============================================================================

 SxSx      k=  2   cell_site_pair=  0,  0                                       
                      
   0.00000     0.37957737E+00  0.00000000E+00  0.00000000E+00  0.00000000E+00
   0.10000     0.31352077E+00  0.00000000E+00  0.00000000E+00  0.00000000E+00
   0.20000     0.26004687E+00  0.00000000E+00  0.21684043E-18  0.65052130E-18
   0.30000     0.21700955E+00  0.00000000E+00  0.00000000E+00  0.22768246E-17
   0.40000     0.18268159E+00  0.00000000E+00  0.00000000E+00  0.00000000E+00
   0.50000     0.15568528E+00  0.00000000E+00  0.10842022E-18  0.00000000E+00
   0.60000     0.13493717E+00  0.00000000E+00 -0.16263033E-18  0.56920614E-18
   0.70000     0.11960456E+00  0.00000000E+00  0.00000000E+00  0.00000000E+00
   0.80000     0.10907211E+00  0.00000000E+00 -0.67762636E-20  0.00000000E+00
   0.90000     0.10291710E+00  0.00000000E+00  0.38455296E-18  0.00000000E+00
   1.00000     0.10089251E+00  0.41633363E-16 -0.50494254E-32  0.32526065E-18
   1.10000     0.10291710E+00  0.00000000E+00  0.27613274E-18  0.00000000E+00
   1.20000     0.10907211E+00  0.00000000E+00 -0.67762636E-20  0.00000000E+00
   1.30000     0.11960456E+00  0.00000000E+00 -0.54210109E-19  0.32526065E-18
   1.40000     0.13493717E+00  0.00000000E+00 -0.27105054E-19  0.00000000E+00
   1.50000     0.15568528E+00  0.00000000E+00  0.10842022E-18  0.00000000E+00
   1.60000     0.18268159E+00  0.00000000E+00  0.00000000E+00  0.00000000E+00
   1.70000     0.21700955E+00  0.83266727E-16  0.00000000E+00  0.26020852E-17
   1.80000     0.26004687E+00  0.00000000E+00 -0.21684043E-18  0.00000000E+00
   1.90000     0.31352077E+00  0.00000000E+00  0.43368087E-18  0.13010426E-17
============================================================================

 SxSx      k=  3   cell_site_pair=  0,  0                                       
                      
   0.00000     0.50000000E+00  0.00000000E+00  0.00000000E+00  0.00000000E+00
   0.10000     0.37938241E+00  0.00000000E+00 -0.43368087E-18  0.00000000E+00
   0.20000     0.29857964E+00  0.00000000E+00 -0.21684043E-18  0.19515639E-17
   0.30000     0.24448994E+00  0.00000000E+00  0.21684043E-18  0.16263033E-17
   0.40000     0.20834294E+00  0.00000000E+00 -0.10842022E-18  0.00000000E+00
   0.50000     0.18427761E+00  0.00000000E+00  0.00000000E+00  0.32526065E-18
   0.60000     0.16839187E+00  0.00000000E+00  0.00000000E+00  0.00000000E+00
   0.70000     0.15810994E+00  0.00000000E+00  0.27105054E-19  0.00000000E+00
   0.80000     0.15176465E+00  0.00000000E+00  0.67762636E-20  0.00000000E+00
   0.90000     0.14832716E+00  0.00000000E+00  0.84703295E-21  0.00000000E+00
   1.00000     0.14724008E+00  0.00000000E+00  0.47558614E-33  0.00000000E+00
   1.10000     0.14832716E+00  0.00000000E+00  0.84703295E-21  0.00000000E+00
   1.20000     0.15176465E+00  0.00000000E+00  0.20328791E-19  0.00000000E+00
   1.30000     0.15810994E+00  0.00000000E+00  0.27105054E-19  0.00000000E+00
   1.40000     0.16839187E+00  0.00000000E+00  0.27105054E-19  0.00000000E+00
   1.50000     0.18427761E+00  0.00000000E+00  0.00000000E+00  0.32526065E-18
   1.60000     0.20834294E+00  0.00000000E+00  0.21684043E-18  0.00000000E+00
   1.70000     0.24448994E+00  0.00000000E+00  0.21684043E-18  0.65052130E-18
   1.80000     0.29857964E+00  0.00000000E+00  0.00000000E+00  0.00000000E+00
   1.90000     0.37938241E+00  0.00000000E+00 -0.43368087E-18  0.26020852E-17
============================================================================

 SxSx      k=  4   cell_site_pair=  0,  0                                       
                      
   0.00000     0.50000000E+00  0.00000000E+00  0.13481510E-32  0.00000000E+00
   0.10000     0.37938241E+00  0.00000000E+00 -0.19259299E-33  0.00000000E+00
   0.20000     0.29857964E+00  0.00000000E+00  0.31296362E-33  0.00000000E+00
   0.30000     0.24448994E+00  0.00000000E+00  0.56574192E-33  0.00000000E+00
   0.40000     0.20834294E+00  0.00000000E+00  0.91481672E-33  0.00000000E+00
   0.50000     0.18427761E+00  0.00000000E+00  0.23472271E-33  0.00000000E+00
   0.60000     0.16839187E+00  0.00000000E+00 -0.47546396E-33  0.00000000E+00
   0.70000     0.15810994E+00  0.00000000E+00 -0.38819525E-33  0.00000000E+00
   0.80000     0.15176465E+00  0.00000000E+00 -0.25052136E-33  0.00000000E+00
   0.90000     0.14832716E+00  0.00000000E+00 -0.43239384E-33  0.00000000E+00
   1.00000     0.14724008E+00  0.00000000E+00  0.74629785E-33  0.00000000E+00
   1.10000     0.14832716E+00  0.00000000E+00  0.53057113E-33  0.00000000E+00
   1.20000     0.15176465E+00  0.00000000E+00 -0.25052136E-33  0.00000000E+00
   1.30000     0.15810994E+00  0.00000000E+00 -0.59282531E-33  0.00000000E+00
   1.40000     0.16839187E+00  0.00000000E+00  0.22569492E-33  0.00000000E+00
   1.50000     0.18427761E+00  0.00000000E+00  0.22268565E-33  0.00000000E+00
   1.60000     0.20834294E+00  0.00000000E+00  0.63796429E-33  0.00000000E+00
   1.70000     0.24448994E+00  0.00000000E+00  0.50555661E-33  0.00000000E+00
   1.80000     0.29857964E+00  0.00000000E+00  0.52963073E-33  0.00000000E+00
   1.90000     0.37938241E+00  0.00000000E+00  0.21666712E-32  0.00000000E+00
============================================================================

 SxSx      k=  5   cell_site_pair=  0,  0                                       
                      
   0.00000     0.62042263E+00  0.00000000E+00  0.00000000E+00  0.00000000E+00
   0.10000     0.44443270E+00  0.00000000E+00  0.43368087E-18  0.00000000E+00
   0.20000     0.33083535E+00  0.00000000E+00  0.21684043E-18  0.00000000E+00
   0.30000     0.25496956E+00  0.00000000E+00 -0.10842022E-18  0.32526065E-18
   0.40000     0.20275933E+00  0.00000000E+00  0.10842022E-18  0.00000000E+00
   0.50000     0.16605694E+00  0.00000000E+00  0.00000000E+00  0.00000000E+00
   0.60000     0.14007095E+00  0.00000000E+00  0.27105054E-19  0.00000000E+00
   0.70000     0.12194303E+00  0.00000000E+00  0.13552527E-19  0.00000000E+00
   0.80000     0.10995977E+00  0.00000000E+00  0.67762636E-20  0.00000000E+00
   0.90000     0.10311833E+00  0.00000000E+00  0.00000000E+00  0.00000000E+00
   1.00000     0.10089251E+00  0.41633363E-16 -0.12878564E-20  0.00000000E+00
   1.10000     0.10311833E+00  0.00000000E+00  0.00000000E+00  0.00000000E+00
   1.20000     0.10995977E+00  0.00000000E+00  0.67762636E-20  0.00000000E+00
   1.30000     0.12194303E+00  0.00000000E+00  0.13552527E-19  0.00000000E+00
   1.40000     0.14007095E+00  0.00000000E+00  0.27105054E-19  0.00000000E+00
   1.50000     0.16605694E+00  0.00000000E+00  0.00000000E+00  0.00000000E+00
   1.60000     0.20275933E+00  0.00000000E+00  0.21684043E-18  0.00000000E+00
   1.70000     0.25496956E+00  0.00000000E+00 -0.10842022E-18  0.00000000E+00
   1.80000     0.33083535E+00  0.00000000E+00  0.00000000E+00  0.00000000E+00
   1.90000     0.44443270E+00  0.00000000E+00  0.43368087E-18  0.00000000E+00
============================================================================

 SxSx      k=  6   cell_site_pair=  0,  0                                       
                      
   0.00000     0.79475348E+00  0.00000000E+00  0.96296497E-34  0.00000000E+00
   0.10000     0.56708172E+00  0.00000000E+00  0.00000000E+00  0.00000000E+00
   0.20000     0.42973563E+00  0.00000000E+00 -0.72222373E-33  0.00000000E+00
   0.30000     0.34459781E+00  0.00000000E+00  0.61389017E-33  0.00000000E+00
   0.40000     0.29074293E+00  0.00000000E+00  0.46944542E-33  0.00000000E+00
   0.50000     0.25623924E+00  0.00000000E+00 -0.65601989E-33  0.00000000E+00
   0.60000     0.23405473E+00  0.00000000E+00 -0.54919096E-32  0.00000000E+00
   0.70000     0.21994680E+00  0.00000000E+00 -0.17348416E-32  0.00000000E+00
   0.80000     0.21133874E+00  0.00000000E+00 -0.86591616E-33  0.00000000E+00
   0.90000     0.20670675E+00  0.00000000E+00 -0.47584011E-34  0.00000000E+00
   1.00000     0.20524652E+00  0.00000000E+00  0.84259435E-33  0.00000000E+00
   1.10000     0.20670675E+00  0.00000000E+00  0.14500898E-33  0.00000000E+00
   1.20000     0.21133874E+00  0.00000000E+00 -0.86591616E-33  0.00000000E+00
   1.30000     0.21994680E+00  0.00000000E+00 -0.15422486E-32  0.00000000E+00
   1.40000     0.23405473E+00  0.00000000E+00 -0.23351901E-32  0.00000000E+00
   1.50000     0.25623924E+00  0.00000000E+00 -0.66805695E-33  0.00000000E+00
   1.60000     0.29074293E+00  0.00000000E+00  0.86666847E-33  0.00000000E+00
   1.70000     0.34459781E+00  0.00000000E+00 -0.36111186E-34  0.00000000E+00
   1.80000     0.42973563E+00  0.00000000E+00  0.12037062E-32  0.00000000E+00
   1.90000     0.56708172E+00  0.00000000E+00  0.12518545E-32  0.00000000E+00
============================================================================

 SzSz      k=  1   cell_site_pair=  0,  0                                       
                      
   0.00000     0.20524652E+00  0.00000000E+00  0.00000000E+00  0.00000000E+00
   0.10000     0.20524652E+00  0.00000000E+00  0.00000000E+00  0.00000000E+00
   0.20000     0.20524652E+00  0.00000000E+00  0.00000000E+00  0.00000000E+00
   0.30000     0.20524652E+00  0.00000000E+00  0.00000000E+00  0.00000000E+00
   0.40000     0.20524652E+00  0.00000000E+00  0.00000000E+00  0.00000000E+00
   0.50000     0.20524652E+00  0.00000000E+00  0.00000000E+00  0.00000000E+00
   0.60000     0.20524652E+00  0.00000000E+00  0.00000000E+00  0.00000000E+00
   0.70000     0.20524652E+00  0.00000000E+00  0.00000000E+00  0.00000000E+00
   0.80000     0.20524652E+00  0.00000000E+00  0.00000000E+00  0.00000000E+00
   0.90000     0.20524652E+00  0.00000000E+00  0.00000000E+00  0.00000000E+00
   1.00000     0.20524652E+00  0.00000000E+00  0.00000000E+00  0.00000000E+00
   1.10000     0.20524652E+00  0.00000000E+00  0.00000000E+00  0.00000000E+00
   1.20000     0.20524652E+00  0.00000000E+00  0.00000000E+00  0.00000000E+00
   1.30000     0.20524652E+00  0.00000000E+00  0.00000000E+00  0.00000000E+00
   1.40000     0.20524652E+00  0.00000000E+00  0.00000000E+00  0.00000000E+00
   1.50000     0.20524652E+00  0.00000000E+00  0.00000000E+00  0.00000000E+00
   1.60000     0.20524652E+00  0.00000000E+00  0.00000000E+00  0.00000000E+00
   1.70000     0.20524652E+00  0.00000000E+00  0.00000000E+00  0.00000000E+00
   1.80000     0.20524652E+00  0.00000000E+00  0.00000000E+00  0.00000000E+00
   1.90000     0.20524652E+00  0.00000000E+00  0.00000000E+00  0.00000000E+00
============================================================================

 SzSz      k=  2   cell_site_pair=  0,  0                                       
                      
   0.00000     0.37957737E+00  0.00000000E+00  0.00000000E+00  0.00000000E+00
   0.10000     0.31352077E+00  0.00000000E+00  0.00000000E+00  0.00000000E+00
   0.20000     0.26004687E+00  0.00000000E+00  0.21684043E-18  0.65052130E-18
   0.30000     0.21700955E+00  0.00000000E+00  0.00000000E+00  0.22768246E-17
   0.40000     0.18268159E+00  0.00000000E+00  0.00000000E+00  0.00000000E+00
   0.50000     0.15568528E+00  0.00000000E+00  0.10842022E-18  0.00000000E+00
   0.60000     0.13493717E+00  0.00000000E+00 -0.16263033E-18  0.56920614E-18
   0.70000     0.11960456E+00  0.00000000E+00  0.00000000E+00  0.00000000E+00
   0.80000     0.10907211E+00  0.00000000E+00 -0.67762636E-20  0.00000000E+00
   0.90000     0.10291710E+00  0.00000000E+00  0.38455296E-18  0.00000000E+00
   1.00000     0.10089251E+00  0.41633363E-16 -0.50494254E-32  0.32526065E-18
   1.10000     0.10291710E+00  0.00000000E+00  0.27613274E-18  0.00000000E+00
   1.20000     0.10907211E+00  0.00000000E+00 -0.67762636E-20  0.00000000E+00
   1.30000     0.11960456E+00  0.00000000E+00 -0.54210109E-19  0.32526065E-18
   1.40000     0.13493717E+00  0.00000000E+00 -0.27105054E-19  0.00000000E+00
   1.50000     0.15568528E+00  0.00000000E+00  0.10842022E-18  0.00000000E+00
   1.60000     0.18268159E+00  0.00000000E+00  0.00000000E+00  0.00000000E+00
   1.70000     0.21700955E+00  0.83266727E-16  0.00000000E+00  0.26020852E-17
   1.80000     0.26004687E+00  0.00000000E+00 -0.21684043E-18  0.00000000E+00
   1.90000     0.31352077E+00  0.00000000E+00  0.43368087E-18  0.13010426E-17
============================================================================

 SzSz      k=  3   cell_site_pair=  0,  0                                       
                      
   0.00000     0.50000000E+00  0.00000000E+00  0.00000000E+00  0.00000000E+00
   0.10000     0.37938241E+00  0.00000000E+00 -0.43368087E-18  0.00000000E+00
   0.20000     0.29857964E+00  0.00000000E+00 -0.21684043E-18  0.19515639E-17
   0.30000     0.24448994E+00  0.00000000E+00  0.21684043E-18  0.16263033E-17
   0.40000     0.20834294E+00  0.00000000E+00 -0.10842022E-18  0.00000000E+00
   0.50000     0.18427761E+00  0.00000000E+00  0.00000000E+00  0.32526065E-18
   0.60000     0.16839187E+00  0.00000000E+00  0.00000000E+00  0.00000000E+00
   0.70000     0.15810994E+00  0.00000000E+00  0.27105054E-19  0.00000000E+00
   0.80000     0.15176465E+00  0.00000000E+00  0.67762636E-20  0.00000000E+00
   0.90000     0.14832716E+00  0.00000000E+00  0.84703295E-21  0.00000000E+00
   1.00000     0.14724008E+00  0.00000000E+00  0.47558614E-33  0.00000000E+00
   1.10000     0.14832716E+00  0.00000000E+00  0.84703295E-21  0.00000000E+00
   1.20000     0.15176465E+00  0.00000000E+00  0.20328791E-19  0.00000000E+00
   1.30000     0.15810994E+00  0.00000000E+00  0.27105054E-19  0.00000000E+00
   1.40000     0.16839187E+00  0.00000000E+00  0.27105054E-19  0.00000000E+00
   1.50000     0.18427761E+00  0.00000000E+00  0.00000000E+00  0.32526065E-18
   1.60000     0.20834294E+00  0.00000000E+00  0.21684043E-18  0.00000000E+00
   1.70000     0.24448994E+00  0.00000000E+00  0.21684043E-18  0.65052130E-18
   1.80000     0.29857964E+00  0.00000000E+00  0.00000000E+00  0.00000000E+00
   1.90000     0.37938241E+00  0.00000000E+00 -0.43368087E-18  0.26020852E-17
============================================================================

 SzSz      k=  4   cell_site_pair=  0,  0                                       
                      
   0.00000     0.50000000E+00  0.00000000E+00  0.13481510E-32  0.00000000E+00
   0.10000     0.37938241E+00  0.00000000E+00 -0.19259299E-33  0.00000000E+00
   0.20000     0.29857964E+00  0.00000000E+00  0.31296362E-33  0.00000000E+00
   0.30000     0.24448994E+00  0.00000000E+00  0.56574192E-33  0.00000000E+00
   0.40000     0.20834294E+00  0.00000000E+00  0.91481672E-33  0.00000000E+00
   0.50000     0.18427761E+00  0.00000000E+00  0.23472271E-33  0.00000000E+00
   0.60000     0.16839187E+00  0.00000000E+00 -0.47546396E-33  0.00000000E+00
   0.70000     0.15810994E+00  0.00000000E+00 -0.38819525E-33  0.00000000E+00
   0.80000     0.15176465E+00  0.00000000E+00 -0.25052136E-33  0.00000000E+00
   0.90000     0.14832716E+00  0.00000000E+00 -0.43239384E-33  0.00000000E+00
   1.00000     0.14724008E+00  0.00000000E+00  0.74629785E-33  0.00000000E+00
   1.10000     0.14832716E+00  0.00000000E+00  0.53057113E-33  0.00000000E+00
   1.20000     0.15176465E+00  0.00000000E+00 -0.25052136E-33  0.00000000E+00
   1.30000     0.15810994E+00  0.00000000E+00 -0.59282531E-33  0.00000000E+00
   1.40000     0.16839187E+00  0.00000000E+00  0.22569492E-33  0.00000000E+00
   1.50000     0.18427761E+00  0.00000000E+00  0.22268565E-33  0.00000000E+00
   1.60000     0.20834294E+00  0.00000000E+00  0.63796429E-33  0.00000000E+00
   1.70000     0.24448994E+00  0.00000000E+00  0.50555661E-33  0.00000000E+00
   1.80000     0.29857964E+00  0.00000000E+00  0.52963073E-33  0.00000000E+00
   1.90000     0.37938241E+00  0.00000000E+00  0.21666712E-32  0.00000000E+00
============================================================================

 SzSz      k=  5   cell_site_pair=  0,  0                                       
                      
   0.00000     0.62042263E+00  0.00000000E+00  0.00000000E+00  0.00000000E+00
   0.10000     0.44443270E+00  0.00000000E+00  0.43368087E-18  0.00000000E+00
   0.20000     0.33083535E+00  0.00000000E+00  0.21684043E-18  0.00000000E+00
   0.30000     0.25496956E+00  0.00000000E+00 -0.10842022E-18  0.32526065E-18
   0.40000     0.20275933E+00  0.00000000E+00  0.10842022E-18  0.00000000E+00
   0.50000     0.16605694E+00  0.00000000E+00  0.00000000E+00  0.00000000E+00
   0.60000     0.14007095E+00  0.00000000E+00  0.27105054E-19  0.00000000E+00
   0.70000     0.12194303E+00  0.00000000E+00  0.13552527E-19  0.00000000E+00
   0.80000     0.10995977E+00  0.00000000E+00  0.67762636E-20  0.00000000E+00
   0.90000     0.10311833E+00  0.00000000E+00  0.00000000E+00  0.00000000E+00
   1.00000     0.10089251E+00  0.41633363E-16 -0.12878564E-20  0.00000000E+00
   1.10000     0.10311833E+00  0.00000000E+00  0.00000000E+00  0.00000000E+00
   1.20000     0.10995977E+00  0.00000000E+00  0.67762636E-20  0.00000000E+00
   1.30000     0.12194303E+00  0.00000000E+00  0.13552527E-19  0.00000000E+00
   1.40000     0.14007095E+00  0.00000000E+00  0.27105054E-19  0.00000000E+00
   1.50000     0.16605694E+00  0.00000000E+00  0.00000000E+00  0.00000000E+00
   1.60000     0.20275933E+00  0.00000000E+00  0.21684043E-18  0.00000000E+00
   1.70000     0.25496956E+00  0.00000000E+00 -0.10842022E-18  0.00000000E+00
   1.80000     0.33083535E+00  0.00000000E+00  0.00000000E+00  0.00000000E+00
   1.90000     0.44443270E+00  0.00000000E+00  0.43368087E-18  0.00000000E+00
============================================================================

 SzSz      k=  6   cell_site_pair=  0,  0                                       
                      
   0.00000     0.79475348E+00  0.00000000E+00  0.96296497E-34  0.00000000E+00
   0.10000     0.56708172E+00  0.00000000E+00  0.00000000E+00  0.00000000E+00
   0.20000     0.42973563E+00  0.00000000E+00 -0.72222373E-33  0.00000000E+00
   0.30000     0.34459781E+00  0.00000000E+00  0.61389017E-33  0.00000000E+00
   0.40000     0.29074293E+00  0.00000000E+00  0.46944542E-33  0.00000000E+00
   0.50000     0.25623924E+00  0.00000000E+00 -0.65601989E-33  0.00000000E+00
   0.60000     0.23405473E+00  0.00000000E+00 -0.54919096E-32  0.00000000E+00
   0.70000     0.21994680E+00  0.00000000E+00 -0.17348416E-32  0.00000000E+00
   0.80000     0.21133874E+00  0.00000000E+00 -0.86591616E-33  0.00000000E+00
   0.90000     0.20670675E+00  0.00000000E+00 -0.47584011E-34  0.00000000E+00
   1.00000     0.20524652E+00  0.00000000E+00  0.84259435E-33  0.00000000E+00
   1.10000     0.20670675E+00  0.00000000E+00  0.14500898E-33  0.00000000E+00
   1.20000     0.21133874E+00  0.00000000E+00 -0.86591616E-33  0.00000000E+00
   1.30000     0.21994680E+00  0.00000000E+00 -0.15422486E-32  0.00000000E+00
   1.40000     0.23405473E+00  0.00000000E+00 -0.23351901E-32  0.00000000E+00
   1.50000     0.25623924E+00  0.00000000E+00 -0.66805695E-33  0.00000000E+00
   1.60000     0.29074293E+00  0.00000000E+00  0.86666847E-33  0.00000000E+00
   1.70000     0.34459781E+00  0.00000000E+00 -0.36111186E-34  0.00000000E+00
   1.80000     0.42973563E+00  0.00000000E+00  0.12037062E-32  0.00000000E+00
   1.90000     0.56708172E+00  0.00000000E+00  0.12518545E-32  0.00000000E+00
============================================================================

