 Gfun      0  0   16   0.000   0.000   0.000                                    
                      
   0.00000  0.50000000E+00  0.00000000E+00
   0.10000  0.40812671E+00  0.85962746E-03
   0.20000  0.34128287E+00  0.81888119E-03
   0.30000  0.29273414E+00  0.15849684E-02
   0.40000  0.26145249E+00  0.18331242E-02
   0.50000  0.23715857E+00  0.22813747E-02
   0.60000  0.21863453E+00  0.20202250E-02
   0.70000  0.20742057E+00  0.21923977E-02
   0.80000  0.19869447E+00  0.22377783E-02
   0.90000  0.19204273E+00  0.20443107E-02
   1.00000  0.18985141E+00  0.24368734E-02
   1.10000  0.19204273E+00  0.20443107E-02
   1.20000  0.19869447E+00  0.22377783E-02
   1.30000  0.20742057E+00  0.21923977E-02
   1.40000  0.21863453E+00  0.20202250E-02
   1.50000  0.23715857E+00  0.22813747E-02
   1.60000  0.26145249E+00  0.18331242E-02
   1.70000  0.29273414E+00  0.15849684E-02
   1.80000  0.34128287E+00  0.81888119E-03
   1.90000  0.40812671E+00  0.85962746E-03
============================================================================

 Gfun      0  0   64   1.000   0.000   0.000                                    
                      
   0.00000 -0.15458691E+00  0.63025659E-03
   0.10000 -0.11287641E+00  0.70248450E-03
   0.20000 -0.82962416E-01  0.61848601E-03
   0.30000 -0.61564661E-01  0.67918850E-03
   0.40000 -0.46088262E-01  0.50370355E-03
   0.50000 -0.34308112E-01  0.53785042E-03
   0.60000 -0.25618814E-01  0.36464101E-03
   0.70000 -0.17879650E-01  0.39907358E-03
   0.80000 -0.11146737E-01  0.31500456E-03
   0.90000 -0.54262193E-02  0.23586396E-03
   1.00000  0.23267387E-16  0.16740428E-16
   1.10000  0.54262193E-02  0.23586396E-03
   1.20000  0.11146737E-01  0.31500456E-03
   1.30000  0.17879650E-01  0.39907358E-03
   1.40000  0.25618814E-01  0.36464101E-03
   1.50000  0.34308112E-01  0.53785042E-03
   1.60000  0.46088262E-01  0.50370355E-03
   1.70000  0.61564661E-01  0.67918850E-03
   1.80000  0.82962416E-01  0.61848601E-03
   1.90000  0.11287641E+00  0.70248450E-03
============================================================================

 Gfun      0  0   32   2.000   0.000   0.000                                    
                      
   0.00000  0.64797089E-17  0.20074733E-16
   0.10000 -0.15704275E-01  0.23722026E-03
   0.20000 -0.24469878E-01  0.41814549E-03
   0.30000 -0.29834045E-01  0.58951755E-03
   0.40000 -0.33183156E-01  0.65083262E-03
   0.50000 -0.34963315E-01  0.63575854E-03
   0.60000 -0.35772821E-01  0.75273425E-03
   0.70000 -0.36678436E-01  0.72299106E-03
   0.80000 -0.37070351E-01  0.86430031E-03
   0.90000 -0.37393466E-01  0.75165897E-03
   1.00000 -0.37222485E-01  0.92142098E-03
   1.10000 -0.37393466E-01  0.75165897E-03
   1.20000 -0.37070351E-01  0.86430031E-03
   1.30000 -0.36678436E-01  0.72299106E-03
   1.40000 -0.35772821E-01  0.75273425E-03
   1.50000 -0.34963315E-01  0.63575854E-03
   1.60000 -0.33183156E-01  0.65083262E-03
   1.70000 -0.29834045E-01  0.58951755E-03
   1.80000 -0.24469878E-01  0.41814549E-03
   1.90000 -0.15704275E-01  0.23722026E-03
============================================================================

 Gfun      0  0   64   1.000   1.000   0.000                                    
                      
   0.00000 -0.22447934E-16  0.11362650E-16
   0.10000 -0.15556429E-01  0.22557246E-03
   0.20000 -0.24862519E-01  0.31006981E-03
   0.30000 -0.30025953E-01  0.44279700E-03
   0.40000 -0.33069065E-01  0.48948741E-03
   0.50000 -0.34835240E-01  0.66749698E-03
   0.60000 -0.35878232E-01  0.69124319E-03
   0.70000 -0.36446164E-01  0.70735965E-03
   0.80000 -0.36448452E-01  0.65209305E-03
   0.90000 -0.36208579E-01  0.69341036E-03
   1.00000 -0.35887901E-01  0.68021700E-03
   1.10000 -0.36208579E-01  0.69341036E-03
   1.20000 -0.36448452E-01  0.65209305E-03
   1.30000 -0.36446164E-01  0.70735965E-03
   1.40000 -0.35878232E-01  0.69124319E-03
   1.50000 -0.34835240E-01  0.66749698E-03
   1.60000 -0.33069065E-01  0.48948741E-03
   1.70000 -0.30025953E-01  0.44279700E-03
   1.80000 -0.24862519E-01  0.31006981E-03
   1.90000 -0.15556429E-01  0.22557246E-03
============================================================================

 Gfun      0  0   64   2.000   1.000   0.000                                    
                      
   0.00000  0.40388441E-01  0.39948300E-03
   0.10000  0.38911772E-01  0.42037766E-03
   0.20000  0.34943400E-01  0.41079117E-03
   0.30000  0.30057354E-01  0.34342101E-03
   0.40000  0.25028050E-01  0.32536036E-03
   0.50000  0.20502199E-01  0.27210430E-03
   0.60000  0.15967399E-01  0.23995738E-03
   0.70000  0.11742910E-01  0.25062007E-03
   0.80000  0.76479414E-02  0.21608745E-03
   0.90000  0.39516706E-02  0.10597683E-03
   1.00000  0.27330921E-16  0.20820940E-16
   1.10000 -0.39516706E-02  0.10597683E-03
   1.20000 -0.76479414E-02  0.21608745E-03
   1.30000 -0.11742910E-01  0.25062007E-03
   1.40000 -0.15967399E-01  0.23995738E-03
   1.50000 -0.20502199E-01  0.27210430E-03
   1.60000 -0.25028050E-01  0.32536036E-03
   1.70000 -0.30057354E-01  0.34342101E-03
   1.80000 -0.34943400E-01  0.41079117E-03
   1.90000 -0.38911772E-01  0.42037766E-03
============================================================================

 Gfun      0  0   16   2.000   2.000   0.000                                    
                      
   0.00000  0.71197947E-16  0.27259049E-16
   0.10000  0.11828536E-01  0.46740670E-03
   0.20000  0.22964594E-01  0.63308694E-03
   0.30000  0.32268875E-01  0.96462885E-03
   0.40000  0.40388938E-01  0.11520229E-02
   0.50000  0.46881555E-01  0.12824798E-02
   0.60000  0.51669369E-01  0.14347050E-02
   0.70000  0.55848712E-01  0.14983543E-02
   0.80000  0.57799577E-01  0.14463630E-02
   0.90000  0.59036706E-01  0.13703567E-02
   1.00000  0.58719340E-01  0.15616935E-02
   1.10000  0.59036706E-01  0.13703567E-02
   1.20000  0.57799577E-01  0.14463630E-02
   1.30000  0.55848712E-01  0.14983543E-02
   1.40000  0.51669369E-01  0.14347050E-02
   1.50000  0.46881555E-01  0.12824798E-02
   1.60000  0.40388938E-01  0.11520229E-02
   1.70000  0.32268875E-01  0.96462885E-03
   1.80000  0.22964594E-01  0.63308694E-03
   1.90000  0.11828536E-01  0.46740670E-03
============================================================================

 SxSx      0  0   16   0.000   0.000   0.000                                    
                      
   0.00000  0.73746545E+00  0.45767880E-02
   0.10000  0.63626144E+00  0.60424117E-02
   0.20000  0.55485184E+00  0.86188671E-02
   0.30000  0.48605623E+00  0.15059104E-01
   0.40000  0.46544370E+00  0.22985177E-01
   0.50000  0.41541619E+00  0.17862811E-01
   0.60000  0.38821450E+00  0.17095775E-01
   0.70000  0.41084408E+00  0.23656346E-01
   0.80000  0.37189713E+00  0.21244953E-01
   0.90000  0.35658703E+00  0.16074019E-01
   1.00000  0.32924893E+00  0.18871484E-01
   1.10000  0.35658703E+00  0.16074019E-01
   1.20000  0.37189713E+00  0.21244953E-01
   1.30000  0.41084408E+00  0.23656346E-01
   1.40000  0.38821450E+00  0.17095775E-01
   1.50000  0.41541619E+00  0.17862811E-01
   1.60000  0.46544370E+00  0.22985177E-01
   1.70000  0.48605623E+00  0.15059104E-01
   1.80000  0.55485184E+00  0.86188671E-02
   1.90000  0.63626144E+00  0.60424117E-02
============================================================================

 SxSx      0  0   64   1.000   0.000   0.000                                    
                      
   0.00000 -0.12467258E+00  0.22122159E-02
   0.10000 -0.10253611E+00  0.26233754E-02
   0.20000 -0.84639468E-01  0.17315807E-02
   0.30000 -0.72647963E-01  0.17296804E-02
   0.40000 -0.64416769E-01  0.26367152E-02
   0.50000 -0.60311188E-01  0.35494290E-02
   0.60000 -0.59082719E-01  0.39648429E-02
   0.70000 -0.54554081E-01  0.28970423E-02
   0.80000 -0.52523738E-01  0.28448941E-02
   0.90000 -0.52752774E-01  0.27391578E-02
   1.00000 -0.47098134E-01  0.22813201E-02
   1.10000 -0.52752774E-01  0.27391578E-02
   1.20000 -0.52523738E-01  0.28448941E-02
   1.30000 -0.54554081E-01  0.28970423E-02
   1.40000 -0.59082719E-01  0.39648429E-02
   1.50000 -0.60311188E-01  0.35494290E-02
   1.60000 -0.64416769E-01  0.26367152E-02
   1.70000 -0.72647963E-01  0.17296804E-02
   1.80000 -0.84639468E-01  0.17315807E-02
   1.90000 -0.10253611E+00  0.26233754E-02
============================================================================

 SxSx      0  0   32   2.000   0.000   0.000                                    
                      
   0.00000  0.28255419E-01  0.14297864E-02
   0.10000  0.30341902E-01  0.16997216E-02
   0.20000  0.29613990E-01  0.88988108E-03
   0.30000  0.33467971E-01  0.13614682E-02
   0.40000  0.32728620E-01  0.88544354E-03
   0.50000  0.33580866E-01  0.13623886E-02
   0.60000  0.34811039E-01  0.21519627E-02
   0.70000  0.36174234E-01  0.27437228E-02
   0.80000  0.36587150E-01  0.26121025E-02
   0.90000  0.43186112E-01  0.26029193E-02
   1.00000  0.41725125E-01  0.36444158E-02
   1.10000  0.43186112E-01  0.26029193E-02
   1.20000  0.36587150E-01  0.26121025E-02
   1.30000  0.36174234E-01  0.27437228E-02
   1.40000  0.34811039E-01  0.21519627E-02
   1.50000  0.33580866E-01  0.13623886E-02
   1.60000  0.32728620E-01  0.88544354E-03
   1.70000  0.33467971E-01  0.13614682E-02
   1.80000  0.29613990E-01  0.88988108E-03
   1.90000  0.30341902E-01  0.16997216E-02
============================================================================

 SxSx      0  0   64   1.000   1.000   0.000                                    
                      
   0.00000  0.28862852E-01  0.75714425E-03
   0.10000  0.32601876E-01  0.12264651E-02
   0.20000  0.34191048E-01  0.13802901E-02
   0.30000  0.34439972E-01  0.19525352E-02
   0.40000  0.33145905E-01  0.13809308E-02
   0.50000  0.34132603E-01  0.16614329E-02
   0.60000  0.36130484E-01  0.33968407E-02
   0.70000  0.35985467E-01  0.21176825E-02
   0.80000  0.35343331E-01  0.21022819E-02
   0.90000  0.34135511E-01  0.15123520E-02
   1.00000  0.30811664E-01  0.14351226E-02
   1.10000  0.34135511E-01  0.15123520E-02
   1.20000  0.35343331E-01  0.21022819E-02
   1.30000  0.35985467E-01  0.21176825E-02
   1.40000  0.36130484E-01  0.33968407E-02
   1.50000  0.34132603E-01  0.16614329E-02
   1.60000  0.33145905E-01  0.13809308E-02
   1.70000  0.34439972E-01  0.19525352E-02
   1.80000  0.34191048E-01  0.13802901E-02
   1.90000  0.32601876E-01  0.12264651E-02
============================================================================

 SxSx      0  0   64   2.000   1.000   0.000                                    
                      
   0.00000 -0.28515681E-01  0.13610954E-02
   0.10000 -0.28636109E-01  0.11181042E-02
   0.20000 -0.28096146E-01  0.11898455E-02
   0.30000 -0.27542714E-01  0.98624861E-03
   0.40000 -0.25686956E-01  0.71527664E-03
   0.50000 -0.26265338E-01  0.11461683E-02
   0.60000 -0.25973079E-01  0.14114122E-02
   0.70000 -0.24986661E-01  0.14785234E-02
   0.80000 -0.23618909E-01  0.95937752E-03
   0.90000 -0.23783133E-01  0.11360696E-02
   1.00000 -0.22423101E-01  0.15726845E-02
   1.10000 -0.23783133E-01  0.11360696E-02
   1.20000 -0.23618909E-01  0.95937752E-03
   1.30000 -0.24986661E-01  0.14785234E-02
   1.40000 -0.25973079E-01  0.14114122E-02
   1.50000 -0.26265338E-01  0.11461683E-02
   1.60000 -0.25686956E-01  0.71527664E-03
   1.70000 -0.27542714E-01  0.98624861E-03
   1.80000 -0.28096146E-01  0.11898455E-02
   1.90000 -0.28636109E-01  0.11181042E-02
============================================================================

 SxSx      0  0   16   2.000   2.000   0.000                                    
                      
   0.00000  0.28061150E-01  0.20953165E-02
   0.10000  0.33015169E-01  0.19456923E-02
   0.20000  0.33591181E-01  0.23370082E-02
   0.30000  0.34416662E-01  0.21477431E-02
   0.40000  0.37475955E-01  0.33254781E-02
   0.50000  0.44276308E-01  0.43398547E-02
   0.60000  0.45164639E-01  0.29549598E-02
   0.70000  0.47875012E-01  0.44755550E-02
   0.80000  0.43851009E-01  0.21753722E-02
   0.90000  0.45891899E-01  0.20206726E-02
   1.00000  0.46064278E-01  0.85010064E-02
   1.10000  0.45891899E-01  0.20206726E-02
   1.20000  0.43851009E-01  0.21753722E-02
   1.30000  0.47875012E-01  0.44755550E-02
   1.40000  0.45164639E-01  0.29549598E-02
   1.50000  0.44276308E-01  0.43398547E-02
   1.60000  0.37475955E-01  0.33254781E-02
   1.70000  0.34416662E-01  0.21477431E-02
   1.80000  0.33591181E-01  0.23370082E-02
   1.90000  0.33015169E-01  0.19456923E-02
============================================================================

 SzSz      0  0   16   0.000   0.000   0.000                                    
                      
   0.00000  0.74054056E+00  0.17315473E-02
   0.10000  0.63616754E+00  0.21526946E-02
   0.20000  0.56099651E+00  0.27253385E-02
   0.30000  0.50535068E+00  0.30451032E-02
   0.40000  0.46393055E+00  0.34884118E-02
   0.50000  0.43334663E+00  0.40523222E-02
   0.60000  0.40995928E+00  0.42854304E-02
   0.70000  0.39414103E+00  0.47857283E-02
   0.80000  0.38304750E+00  0.49134105E-02
   0.90000  0.37769252E+00  0.51702585E-02
   1.00000  0.37594067E+00  0.57180557E-02
   1.10000  0.37769252E+00  0.51702585E-02
   1.20000  0.38304750E+00  0.49134105E-02
   1.30000  0.39414103E+00  0.47857283E-02
   1.40000  0.40995928E+00  0.42854304E-02
   1.50000  0.43334663E+00  0.40523222E-02
   1.60000  0.46393055E+00  0.34884118E-02
   1.70000  0.50535068E+00  0.30451032E-02
   1.80000  0.56099651E+00  0.27253385E-02
   1.90000  0.63616754E+00  0.21526946E-02
============================================================================

 SzSz      0  0   64   1.000   0.000   0.000                                    
                      
   0.00000 -0.12725728E+00  0.40179098E-02
   0.10000 -0.10206669E+00  0.40021080E-02
   0.20000 -0.85126154E-01  0.40483671E-02
   0.30000 -0.73303554E-01  0.43590793E-02
   0.40000 -0.65202423E-01  0.43628933E-02
   0.50000 -0.59386860E-01  0.43578449E-02
   0.60000 -0.55260466E-01  0.43745958E-02
   0.70000 -0.53371733E-01  0.44697181E-02
   0.80000 -0.52574705E-01  0.42589218E-02
   0.90000 -0.52907894E-01  0.41737746E-02
   1.00000 -0.52954813E-01  0.43104291E-02
   1.10000 -0.52907894E-01  0.41737746E-02
   1.20000 -0.52574705E-01  0.42589218E-02
   1.30000 -0.53371733E-01  0.44697181E-02
   1.40000 -0.55260466E-01  0.43745958E-02
   1.50000 -0.59386860E-01  0.43578449E-02
   1.60000 -0.65202423E-01  0.43628933E-02
   1.70000 -0.73303554E-01  0.43590793E-02
   1.80000 -0.85126154E-01  0.40483671E-02
   1.90000 -0.10206669E+00  0.40021080E-02
============================================================================

 SzSz      0  0   32   2.000   0.000   0.000                                    
                      
   0.00000  0.35971136E-01  0.60763020E-02
   0.10000  0.36793298E-01  0.60083870E-02
   0.20000  0.37419158E-01  0.60973365E-02
   0.30000  0.38327725E-01  0.63051978E-02
   0.40000  0.38842928E-01  0.63268678E-02
   0.50000  0.38723477E-01  0.65089383E-02
   0.60000  0.38770686E-01  0.62492740E-02
   0.70000  0.39441818E-01  0.62226707E-02
   0.80000  0.40274306E-01  0.58716393E-02
   0.90000  0.41497557E-01  0.55035468E-02
   1.00000  0.41694899E-01  0.54941019E-02
   1.10000  0.41497557E-01  0.55035468E-02
   1.20000  0.40274306E-01  0.58716393E-02
   1.30000  0.39441818E-01  0.62226707E-02
   1.40000  0.38770686E-01  0.62492740E-02
   1.50000  0.38723477E-01  0.65089383E-02
   1.60000  0.38842928E-01  0.63268678E-02
   1.70000  0.38327725E-01  0.63051978E-02
   1.80000  0.37419158E-01  0.60973365E-02
   1.90000  0.36793298E-01  0.60083870E-02
============================================================================

 SzSz      0  0   64   1.000   1.000   0.000                                    
                      
   0.00000  0.30917507E-01  0.45166114E-02
   0.10000  0.31397136E-01  0.44519503E-02
   0.20000  0.31874222E-01  0.45366290E-02
   0.30000  0.31985033E-01  0.46948833E-02
   0.40000  0.32604428E-01  0.45741577E-02
   0.50000  0.32768029E-01  0.46073822E-02
   0.60000  0.33161567E-01  0.45803566E-02
   0.70000  0.33524707E-01  0.48577591E-02
   0.80000  0.34815769E-01  0.47918610E-02
   0.90000  0.35943589E-01  0.47564611E-02
   1.00000  0.36056724E-01  0.47644467E-02
   1.10000  0.35943589E-01  0.47564611E-02
   1.20000  0.34815769E-01  0.47918610E-02
   1.30000  0.33524707E-01  0.48577591E-02
   1.40000  0.33161567E-01  0.45803566E-02
   1.50000  0.32768029E-01  0.46073822E-02
   1.60000  0.32604428E-01  0.45741577E-02
   1.70000  0.31985033E-01  0.46948833E-02
   1.80000  0.31874222E-01  0.45366290E-02
   1.90000  0.31397136E-01  0.44519503E-02
============================================================================

 SzSz      0  0   64   2.000   1.000   0.000                                    
                      
   0.00000 -0.28278380E-01  0.47239207E-02
   0.10000 -0.28557430E-01  0.47624825E-02
   0.20000 -0.28041618E-01  0.47799494E-02
   0.30000 -0.26956120E-01  0.47370834E-02
   0.40000 -0.26207046E-01  0.46757024E-02
   0.50000 -0.25241479E-01  0.47639732E-02
   0.60000 -0.24646423E-01  0.45924018E-02
   0.70000 -0.23781107E-01  0.47234312E-02
   0.80000 -0.24165541E-01  0.47221524E-02
   0.90000 -0.24647146E-01  0.48429638E-02
   1.00000 -0.24417866E-01  0.49442893E-02
   1.10000 -0.24647146E-01  0.48429638E-02
   1.20000 -0.24165541E-01  0.47221524E-02
   1.30000 -0.23781107E-01  0.47234312E-02
   1.40000 -0.24646423E-01  0.45924018E-02
   1.50000 -0.25241479E-01  0.47639732E-02
   1.60000 -0.26207046E-01  0.46757024E-02
   1.70000 -0.26956120E-01  0.47370834E-02
   1.80000 -0.28041618E-01  0.47799494E-02
   1.90000 -0.28557430E-01  0.47624825E-02
============================================================================

 SzSz      0  0   16   2.000   2.000   0.000                                    
                      
   0.00000  0.25943022E-01  0.86317998E-02
   0.10000  0.27107024E-01  0.87084009E-02
   0.20000  0.29292624E-01  0.89214865E-02
   0.30000  0.31045686E-01  0.85314364E-02
   0.40000  0.33557004E-01  0.83916174E-02
   0.50000  0.36600904E-01  0.81985837E-02
   0.60000  0.39433885E-01  0.80732102E-02
   0.70000  0.41441110E-01  0.81149023E-02
   0.80000  0.44055044E-01  0.82761793E-02
   0.90000  0.45711414E-01  0.79761998E-02
   1.00000  0.45886604E-01  0.81131386E-02
   1.10000  0.45711414E-01  0.79761998E-02
   1.20000  0.44055044E-01  0.82761793E-02
   1.30000  0.41441110E-01  0.81149023E-02
   1.40000  0.39433885E-01  0.80732102E-02
   1.50000  0.36600904E-01  0.81985837E-02
   1.60000  0.33557004E-01  0.83916174E-02
   1.70000  0.31045686E-01  0.85314364E-02
   1.80000  0.29292624E-01  0.89214865E-02
   1.90000  0.27107024E-01  0.87084009E-02
============================================================================

 Gfun      k=  1   cell_site_pair=  0,  0                                       
                      
   0.00000     0.43206120E-01  0.15152141E-01  0.00000000E+00  0.00000000E+00
   0.10000     0.30462437E-01  0.14154466E-01  0.00000000E+00  0.00000000E+00
   0.20000     0.23781564E-01  0.11189360E-01  0.00000000E+00  0.00000000E+00
   0.30000     0.19201883E-01  0.14573217E-01  0.00000000E+00  0.00000000E+00
   0.40000     0.18958008E-01  0.13888450E-01  0.00000000E+00  0.00000000E+00
   0.50000     0.19548883E-01  0.12219486E-01  0.00000000E+00  0.00000000E+00
   0.60000     0.16639670E-01  0.11797427E-01  0.00000000E+00  0.00000000E+00
   0.70000     0.19580791E-01  0.11444787E-01  0.00000000E+00  0.00000000E+00
   0.80000     0.22564351E-01  0.13967959E-01  0.00000000E+00  0.00000000E+00
   0.90000     0.25559990E-01  0.14309199E-01  0.00000000E+00  0.00000000E+00
   1.00000     0.30574172E-01  0.12931922E-01  0.00000000E+00  0.00000000E+00
   1.10000     0.37356379E-01  0.11437684E-01  0.00000000E+00  0.00000000E+00
   1.20000     0.50554719E-01  0.10107072E-01  0.00000000E+00  0.00000000E+00
   1.30000     0.68674712E-01  0.16021729E-01  0.00000000E+00  0.00000000E+00
   1.40000     0.93850993E-01  0.12413890E-01  0.00000000E+00  0.00000000E+00
   1.50000     0.12999618E+00  0.16895013E-01  0.00000000E+00  0.00000000E+00
   1.60000     0.18743970E+00  0.16907249E-01  0.00000000E+00  0.00000000E+00
   1.70000     0.27126034E+00  0.16471565E-01  0.00000000E+00  0.00000000E+00
   1.80000     0.40793369E+00  0.14079596E-01  0.00000000E+00  0.00000000E+00
   1.90000     0.62217953E+00  0.16585803E-01  0.00000000E+00  0.00000000E+00
============================================================================

 Gfun      k=  2   cell_site_pair=  0,  0                                       
                      
   0.00000     0.11004930E+00  0.17418843E-01  0.17347235E-17  0.83914727E-17
   0.10000     0.92721818E-01  0.23653405E-01  0.00000000E+00  0.61024307E-17
   0.20000     0.82506642E-01  0.16811065E-01  0.86736174E-18  0.53326878E-17
   0.30000     0.77221234E-01  0.19893205E-01  0.86736174E-18  0.60326865E-17
   0.40000     0.78830925E-01  0.16712174E-01 -0.43368087E-18  0.39462574E-17
   0.50000     0.80656389E-01  0.10546538E-01  0.21684043E-17  0.66595083E-17
   0.60000     0.83792737E-01  0.13286557E-01  0.21684043E-18  0.45022465E-17
   0.70000     0.92326736E-01  0.16188422E-01  0.21684043E-17  0.93344710E-17
   0.80000     0.10330553E+00  0.10698011E-01 -0.14094628E-17  0.54173233E-17
   0.90000     0.11425024E+00  0.11753895E-01  0.10299921E-17  0.33122332E-17
   1.00000     0.13113207E+00  0.13981421E-01 -0.14542117E-17  0.49570366E-17
   1.10000     0.15176180E+00  0.14231856E-01  0.14094628E-17  0.48454557E-17
   1.20000     0.17848425E+00  0.15711650E-01  0.00000000E+00  0.51970505E-17
   1.30000     0.21081698E+00  0.19086801E-01 -0.43368087E-18  0.58763357E-17
   1.40000     0.25013759E+00  0.14846046E-01  0.43368087E-18  0.19623760E-17
   1.50000     0.29989763E+00  0.25677495E-01  0.00000000E+00  0.45998802E-17
   1.60000     0.36329617E+00  0.19269804E-01 -0.43368087E-18  0.22907218E-17
   1.70000     0.44370929E+00  0.20469416E-01  0.00000000E+00  0.27290899E-17
   1.80000     0.55412991E+00  0.20581888E-01 -0.17347235E-17  0.53957988E-17
   1.90000     0.69987454E+00  0.18252729E-01  0.00000000E+00  0.55808511E-17
============================================================================

 Gfun      k=  3   cell_site_pair=  0,  0                                       
                      
   0.00000     0.50000000E+00  0.24132990E-15  0.00000000E+00  0.54581798E-17
   0.10000     0.45136380E+00  0.12538200E-01  0.17347235E-17  0.69821273E-17
   0.20000     0.41318722E+00  0.17710015E-01  0.00000000E+00  0.46547517E-17
   0.30000     0.38467110E+00  0.30372810E-01  0.86736174E-18  0.55045019E-17
   0.40000     0.36820774E+00  0.33760376E-01  0.21684043E-17  0.74056645E-17
   0.50000     0.35396675E+00  0.39748434E-01  0.17347235E-17  0.91813425E-17
   0.60000     0.34184954E+00  0.42090915E-01  0.00000000E+00  0.27752187E-17
   0.70000     0.33662615E+00  0.42035311E-01 -0.86736174E-18  0.40258806E-17
   0.80000     0.33063475E+00  0.45791585E-01 -0.32526065E-18  0.15221364E-17
   0.90000     0.32586637E+00  0.39685778E-01 -0.27105054E-18  0.13400975E-17
   1.00000     0.32301572E+00  0.46416041E-01  0.38518599E-33  0.00000000E+00
   1.10000     0.32586637E+00  0.39685778E-01  0.21684043E-18  0.10799928E-17
   1.20000     0.33063475E+00  0.45791585E-01 -0.10842022E-18  0.20928191E-17
   1.30000     0.33662615E+00  0.42035311E-01  0.17347235E-17  0.55808511E-17
   1.40000     0.34184954E+00  0.42090915E-01  0.00000000E+00  0.40258806E-17
   1.50000     0.35396675E+00  0.39748434E-01 -0.86736174E-18  0.78495040E-17
   1.60000     0.36820774E+00  0.33760376E-01 -0.39031278E-17  0.14429261E-16
   1.70000     0.38467110E+00  0.30372810E-01  0.86736174E-18  0.11931348E-16
   1.80000     0.41318722E+00  0.17710015E-01  0.34694470E-17  0.10111370E-16
   1.90000     0.45136380E+00  0.12538200E-01 -0.86736174E-18  0.70784368E-17
============================================================================

 Gfun      k=  4   cell_site_pair=  0,  0                                       
                      
   0.00000     0.50000000E+00  0.35327081E-15 -0.11555580E-32  0.00000000E+00
   0.10000     0.45077242E+00  0.14999085E-01  0.53926038E-32  0.00000000E+00
   0.20000     0.41475778E+00  0.19937191E-01 -0.15407440E-32  0.00000000E+00
   0.30000     0.38543874E+00  0.31216687E-01  0.76074233E-32  0.00000000E+00
   0.40000     0.36775137E+00  0.36323309E-01  0.10159280E-31  0.00000000E+00
   0.50000     0.35345445E+00  0.46265341E-01 -0.76555715E-32  0.00000000E+00
   0.60000     0.34227119E+00  0.44287957E-01  0.98703910E-33  0.00000000E+00
   0.70000     0.33569706E+00  0.46248686E-01 -0.30574138E-32  0.00000000E+00
   0.80000     0.32814715E+00  0.44543494E-01 -0.89074260E-33  0.00000000E+00
   0.90000     0.32112682E+00  0.45581784E-01  0.29791729E-32  0.00000000E+00
   1.00000     0.31767738E+00  0.49699388E-01 -0.29706880E-32  0.00000000E+00
   1.10000     0.32112682E+00  0.45581784E-01 -0.17935223E-32  0.00000000E+00
   1.20000     0.32814715E+00  0.44543494E-01 -0.14444475E-32  0.00000000E+00
   1.30000     0.33569706E+00  0.46248686E-01 -0.14203733E-32  0.00000000E+00
   1.40000     0.34227119E+00  0.44287957E-01 -0.60185311E-33  0.00000000E+00
   1.50000     0.35345445E+00  0.46265341E-01 -0.77037198E-33  0.00000000E+00
   1.60000     0.36775137E+00  0.36323309E-01  0.24074124E-33  0.00000000E+00
   1.70000     0.38543874E+00  0.31216687E-01 -0.18296334E-32  0.00000000E+00
   1.80000     0.41475778E+00  0.19937191E-01 -0.10592615E-32  0.00000000E+00
   1.90000     0.45077242E+00  0.14999085E-01 -0.52963073E-32  0.00000000E+00
============================================================================

 Gfun      k=  5   cell_site_pair=  0,  0                                       
                      
   0.00000     0.88995070E+00  0.17418843E-01  0.00000000E+00  0.16457032E-17
   0.10000     0.69987454E+00  0.18252729E-01  0.00000000E+00  0.44311917E-17
   0.20000     0.55412991E+00  0.20581888E-01 -0.86736174E-18  0.30788287E-17
   0.30000     0.44370929E+00  0.20469416E-01  0.86736174E-18  0.23273758E-17
   0.40000     0.36329617E+00  0.19269804E-01 -0.43368087E-18  0.12342773E-17
   0.50000     0.29989763E+00  0.25677495E-01  0.43368087E-18  0.12342773E-17
   0.60000     0.25013759E+00  0.14846046E-01  0.13010426E-17  0.52365955E-17
   0.70000     0.21081698E+00  0.19086801E-01 -0.43368087E-18  0.17933636E-17
   0.80000     0.17848425E+00  0.15711650E-01  0.00000000E+00  0.15151701E-17
   0.90000     0.15176180E+00  0.14231856E-01  0.32526065E-18  0.13961603E-17
   1.00000     0.13113207E+00  0.13981421E-01 -0.14877838E-18  0.00000000E+00
   1.10000     0.11425024E+00  0.11753895E-01 -0.10842022E-17  0.22072237E-17
   1.20000     0.10330553E+00  0.10698011E-01  0.21684043E-18  0.16994675E-17
   1.30000     0.92326736E-01  0.16188422E-01  0.00000000E+00  0.33424390E-17
   1.40000     0.83792737E-01  0.13286557E-01 -0.43368087E-18  0.21378311E-17
   1.50000     0.80656389E-01  0.10546538E-01 -0.43368087E-18  0.22155958E-17
   1.60000     0.78830925E-01  0.16712174E-01 -0.43368087E-18  0.11636879E-17
   1.70000     0.77221234E-01  0.19893205E-01  0.00000000E+00  0.36336142E-17
   1.80000     0.82506642E-01  0.16811065E-01 -0.17347235E-17  0.32914065E-17
   1.90000     0.92721818E-01  0.23653405E-01  0.86736174E-18  0.38595160E-17
============================================================================

 Gfun      k=  6   cell_site_pair=  0,  0                                       
                      
   0.00000     0.95679388E+00  0.15152141E-01  0.96296497E-33  0.00000000E+00
   0.10000     0.62217953E+00  0.16585803E-01 -0.67407548E-33  0.00000000E+00
   0.20000     0.40793369E+00  0.14079596E-01  0.30814879E-32  0.00000000E+00
   0.30000     0.27126034E+00  0.16471565E-01 -0.86666847E-33  0.00000000E+00
   0.40000     0.18743970E+00  0.16907249E-01  0.10592615E-32  0.00000000E+00
   0.50000     0.12999618E+00  0.16895013E-01  0.43814906E-32  0.00000000E+00
   0.60000     0.93850993E-01  0.12413890E-01 -0.33222292E-32  0.00000000E+00
   0.70000     0.68674712E-01  0.16021729E-01  0.28166725E-32  0.00000000E+00
   0.80000     0.50554719E-01  0.10107072E-01  0.12398174E-32  0.00000000E+00
   0.90000     0.37356379E-01  0.11437684E-01  0.55370486E-33  0.00000000E+00
   1.00000     0.30574172E-01  0.12931922E-01  0.49598591E-33  0.00000000E+00
   1.10000     0.25559990E-01  0.14309199E-01  0.60185311E-35  0.00000000E+00
   1.20000     0.22564351E-01  0.13967959E-01 -0.44416759E-32  0.00000000E+00
   1.30000     0.19580791E-01  0.11444787E-01  0.19259299E-33  0.00000000E+00
   1.40000     0.16639670E-01  0.11797427E-01 -0.25518572E-32  0.00000000E+00
   1.50000     0.19548883E-01  0.12219486E-01 -0.52963073E-33  0.00000000E+00
   1.60000     0.18958008E-01  0.13888450E-01  0.30333397E-32  0.00000000E+00
   1.70000     0.19201883E-01  0.14573217E-01  0.12518545E-32  0.00000000E+00
   1.80000     0.23781564E-01  0.11189360E-01  0.38518599E-33  0.00000000E+00
   1.90000     0.30462437E-01  0.14154466E-01 -0.15407440E-32  0.00000000E+00
============================================================================

 SxSx      k=  1   cell_site_pair=  0,  0                                       
                      
   0.00000     0.32473579E+00  0.67307413E-01  0.00000000E+00  0.00000000E+00
   0.10000     0.33567905E+00  0.10909026E+00  0.00000000E+00  0.00000000E+00
   0.20000     0.33349274E+00  0.12843041E+00  0.00000000E+00  0.00000000E+00
   0.30000     0.32440602E+00  0.19306386E+00  0.00000000E+00  0.00000000E+00
   0.40000     0.34054562E+00  0.17300172E+00  0.00000000E+00  0.00000000E+00
   0.50000     0.31707854E+00  0.14677054E+00  0.00000000E+00  0.00000000E+00
   0.60000     0.30729996E+00  0.18614139E+00  0.00000000E+00  0.00000000E+00
   0.70000     0.35684646E+00  0.20702234E+00  0.00000000E+00  0.00000000E+00
   0.80000     0.32572518E+00  0.26881567E+00  0.00000000E+00  0.00000000E+00
   0.90000     0.31924956E+00  0.15340018E+00  0.00000000E+00  0.00000000E+00
   1.00000     0.30392517E+00  0.25419900E+00  0.00000000E+00  0.00000000E+00
   1.10000     0.31924956E+00  0.15340018E+00  0.00000000E+00  0.00000000E+00
   1.20000     0.32572518E+00  0.26881567E+00  0.00000000E+00  0.00000000E+00
   1.30000     0.35684646E+00  0.20702234E+00  0.00000000E+00  0.00000000E+00
   1.40000     0.30729996E+00  0.18614139E+00  0.00000000E+00  0.00000000E+00
   1.50000     0.31707854E+00  0.14677054E+00  0.00000000E+00  0.00000000E+00
   1.60000     0.34054562E+00  0.17300172E+00  0.00000000E+00  0.00000000E+00
   1.70000     0.32440602E+00  0.19306386E+00  0.00000000E+00  0.00000000E+00
   1.80000     0.33349274E+00  0.12843041E+00  0.00000000E+00  0.00000000E+00
   1.90000     0.33567905E+00  0.10909026E+00  0.00000000E+00  0.00000000E+00
============================================================================

 SxSx      k=  2   cell_site_pair=  0,  0                                       
                      
   0.00000     0.51709049E+00  0.53843405E-01  0.00000000E+00  0.18399520E-17
   0.10000     0.45544628E+00  0.67797601E-01  0.00000000E+00  0.31868905E-17
   0.20000     0.40817402E+00  0.79394422E-01  0.00000000E+00  0.82285161E-18
   0.30000     0.36142907E+00  0.13028817E+00 -0.86736174E-18  0.43541212E-17
   0.40000     0.35050812E+00  0.16406813E+00  0.00000000E+00  0.25693533E-17
   0.50000     0.30304818E+00  0.10034573E+00 -0.43368087E-18  0.30512153E-17
   0.60000     0.27683058E+00  0.11595004E+00  0.86736174E-18  0.45629330E-17
   0.70000     0.30383423E+00  0.17680548E+00  0.43368087E-18  0.34175594E-17
   0.80000     0.27023646E+00  0.17659838E+00 -0.21684043E-17  0.88528277E-17
   0.90000     0.25275584E+00  0.12660889E+00 -0.26020852E-17  0.69090141E-17
   1.00000     0.23383458E+00  0.15973240E+00  0.43368087E-18  0.36102467E-17
   1.10000     0.25275584E+00  0.12660889E+00  0.00000000E+00  0.25026054E-17
   1.20000     0.27023646E+00  0.17659838E+00  0.86736174E-18  0.52527330E-17
   1.30000     0.30383423E+00  0.17680548E+00  0.86736174E-18  0.23990041E-17
   1.40000     0.27683058E+00  0.11595004E+00  0.86736174E-18  0.27599282E-17
   1.50000     0.30304818E+00  0.10034573E+00 -0.43368087E-18  0.25693533E-17
   1.60000     0.35050812E+00  0.16406813E+00  0.00000000E+00  0.20978682E-17
   1.70000     0.36142907E+00  0.13028817E+00  0.00000000E+00  0.20155666E-17
   1.80000     0.40817402E+00  0.79394422E-01  0.00000000E+00  0.14252207E-17
   1.90000     0.45544628E+00  0.67797601E-01  0.00000000E+00  0.27290899E-17
============================================================================

 SxSx      k=  3   cell_site_pair=  0,  0                                       
                      
   0.00000     0.70901576E+00  0.53755119E-01  0.86736174E-18  0.96312311E-17
   0.10000     0.60859281E+00  0.69702767E-01  0.86736174E-18  0.78062556E-17
   0.20000     0.52921504E+00  0.82717784E-01  0.86736174E-18  0.59904499E-17
   0.30000     0.45353695E+00  0.13369761E+00 -0.26020852E-17  0.82695562E-17
   0.40000     0.43746242E+00  0.21518420E+00  0.86736174E-18  0.49882726E-17
   0.50000     0.39253077E+00  0.17815101E+00 -0.86736174E-18  0.38154057E-17
   0.60000     0.36375706E+00  0.16398972E+00 -0.86736174E-18  0.39247520E-17
   0.70000     0.38637062E+00  0.20331568E+00  0.00000000E+00  0.24340278E-17
   0.80000     0.34257384E+00  0.17180987E+00 -0.13010426E-17  0.45629330E-17
   0.90000     0.31610670E+00  0.10403258E+00 -0.86736174E-18  0.18853899E-17
   1.00000     0.29186295E+00  0.15798131E+00 -0.86736174E-18  0.21770606E-17
   1.10000     0.31610670E+00  0.10403258E+00 -0.86736174E-18  0.30512153E-17
   1.20000     0.34257384E+00  0.17180987E+00 -0.86736174E-18  0.47089833E-17
   1.30000     0.38637062E+00  0.20331568E+00  0.00000000E+00  0.26020852E-17
   1.40000     0.36375706E+00  0.16398972E+00 -0.86736174E-18  0.33170207E-17
   1.50000     0.39253077E+00  0.17815101E+00 -0.86736174E-18  0.37256190E-17
   1.60000     0.43746242E+00  0.21518420E+00  0.86736174E-18  0.36336142E-17
   1.70000     0.45353695E+00  0.13369761E+00 -0.26020852E-17  0.85116430E-17
   1.80000     0.52921504E+00  0.82717784E-01  0.86736174E-18  0.58763357E-17
   1.90000     0.60859281E+00  0.69702767E-01  0.86736174E-18  0.59904499E-17
============================================================================

 SxSx      k=  4   cell_site_pair=  0,  0                                       
                      
   0.00000     0.70658602E+00  0.52485790E-01 -0.96296497E-33  0.00000000E+00
   0.10000     0.59955291E+00  0.71423337E-01 -0.35629704E-32  0.00000000E+00
   0.20000     0.51090681E+00  0.61099742E-01 -0.19259299E-32  0.00000000E+00
   0.30000     0.44964895E+00  0.12614201E+00  0.28888949E-33  0.00000000E+00
   0.40000     0.43579328E+00  0.20989871E+00  0.51037144E-32  0.00000000E+00
   0.50000     0.39032382E+00  0.16949487E+00 -0.38518599E-33  0.00000000E+00
   0.60000     0.35847928E+00  0.14770195E+00  0.38518599E-33  0.00000000E+00
   0.70000     0.38712569E+00  0.20986651E+00 -0.23111159E-32  0.00000000E+00
   0.80000     0.34754912E+00  0.17715478E+00 -0.38518599E-33  0.00000000E+00
   0.90000     0.35230911E+00  0.15723319E+00 -0.65963101E-32  0.00000000E+00
   1.00000     0.33551680E+00  0.22421037E+00  0.22148194E-32  0.00000000E+00
   1.10000     0.35230911E+00  0.15723319E+00  0.30333397E-32  0.00000000E+00
   1.20000     0.34754912E+00  0.17715478E+00 -0.62592723E-33  0.00000000E+00
   1.30000     0.38712569E+00  0.20986651E+00  0.23111159E-32  0.00000000E+00
   1.40000     0.35847928E+00  0.14770195E+00 -0.52000108E-32  0.00000000E+00
   1.50000     0.39032382E+00  0.16949487E+00 -0.96296497E-33  0.00000000E+00
   1.60000     0.43579328E+00  0.20989871E+00  0.71259408E-32  0.00000000E+00
   1.70000     0.44964895E+00  0.12614201E+00  0.86666847E-33  0.00000000E+00
   1.80000     0.51090681E+00  0.61099742E-01 -0.96296497E-33  0.00000000E+00
   1.90000     0.59955291E+00  0.71423337E-01 -0.35629704E-32  0.00000000E+00
============================================================================

 SxSx      k=  5   cell_site_pair=  0,  0                                       
                      
   0.00000     0.90171810E+00  0.80722786E-01  0.86736174E-18  0.58763357E-17
   0.10000     0.75104627E+00  0.57738986E-01  0.86736174E-18  0.55808511E-17
   0.20000     0.63434730E+00  0.68690531E-01  0.26020852E-17  0.96312311E-17
   0.30000     0.54185007E+00  0.12431008E+00  0.17347235E-17  0.41957363E-17
   0.40000     0.50542737E+00  0.22425000E+00  0.86736174E-18  0.35867271E-17
   0.50000     0.43923158E+00  0.16521496E+00  0.43368087E-18  0.33424390E-17
   0.60000     0.40926914E+00  0.19471408E+00  0.43368087E-18  0.35630520E-17
   0.70000     0.42210391E+00  0.23929641E+00  0.43368087E-18  0.38154057E-17
   0.80000     0.38585578E+00  0.20229748E+00  0.43368087E-18  0.23634612E-17
   0.90000     0.36863441E+00  0.19479409E+00 -0.43368087E-18  0.15934453E-17
   1.00000     0.33253471E+00  0.18854481E+00 -0.43368087E-18  0.16963520E-17
   1.10000     0.36863441E+00  0.19479409E+00  0.00000000E+00  0.21770606E-17
   1.20000     0.38585578E+00  0.20229748E+00  0.43368087E-18  0.25361990E-17
   1.30000     0.42210391E+00  0.23929641E+00  0.43368087E-18  0.38595160E-17
   1.40000     0.40926914E+00  0.19471408E+00  0.43368087E-18  0.27290899E-17
   1.50000     0.43923158E+00  0.16521496E+00  0.43368087E-18  0.36799040E-17
   1.60000     0.50542737E+00  0.22425000E+00  0.17347235E-17  0.54891048E-17
   1.70000     0.54185007E+00  0.12431008E+00  0.17347235E-17  0.45069436E-17
   1.80000     0.63434730E+00  0.68690531E-01  0.26020852E-17  0.85116430E-17
   1.90000     0.75104627E+00  0.57738986E-01  0.86736174E-18  0.62123932E-17
============================================================================

 SxSx      k=  6   cell_site_pair=  0,  0                                       
                      
   0.00000     0.15502419E+01  0.12970036E+00  0.12711138E-31  0.00000000E+00
   0.10000     0.13850568E+01  0.19081330E+00 -0.26000054E-32  0.00000000E+00
   0.20000     0.12353776E+01  0.20675148E+00  0.10592615E-32  0.00000000E+00
   0.30000     0.11259314E+01  0.27329662E+00  0.21185229E-32  0.00000000E+00
   0.40000     0.10613754E+01  0.37088588E+00 -0.42370459E-32  0.00000000E+00
   0.50000     0.10096907E+01  0.41685435E+00  0.30814879E-32  0.00000000E+00
   0.60000     0.98774635E+00  0.40304857E+00 -0.52000108E-32  0.00000000E+00
   0.70000     0.99317239E+00  0.44547200E+00 -0.30814879E-32  0.00000000E+00
   0.80000     0.93486635E+00  0.36993951E+00 -0.68851996E-32  0.00000000E+00
   0.90000     0.93153682E+00  0.28806853E+00  0.13000027E-32  0.00000000E+00
   1.00000     0.86009505E+00  0.36175498E+00 -0.43333424E-33  0.00000000E+00
   1.10000     0.93153682E+00  0.28806853E+00  0.10111132E-32  0.00000000E+00
   1.20000     0.93486635E+00  0.36993951E+00 -0.35629704E-32  0.00000000E+00
   1.30000     0.99317239E+00  0.44547200E+00 -0.30814879E-32  0.00000000E+00
   1.40000     0.98774635E+00  0.40304857E+00  0.96296497E-32  0.00000000E+00
   1.50000     0.10096907E+01  0.41685435E+00  0.54889003E-32  0.00000000E+00
   1.60000     0.10613754E+01  0.37088588E+00  0.12518545E-32  0.00000000E+00
   1.70000     0.11259314E+01  0.27329662E+00  0.29851914E-32  0.00000000E+00
   1.80000     0.12353776E+01  0.20675148E+00  0.11555580E-32  0.00000000E+00
   1.90000     0.13850568E+01  0.19081330E+00 -0.26000054E-32  0.00000000E+00
============================================================================

 SzSz      k=  1   cell_site_pair=  0,  0                                       
                      
   0.00000     0.33995325E+00  0.11540078E+00  0.00000000E+00  0.00000000E+00
   0.10000     0.33995325E+00  0.11540078E+00  0.00000000E+00  0.00000000E+00
   0.20000     0.33995325E+00  0.11540078E+00  0.00000000E+00  0.00000000E+00
   0.30000     0.33995325E+00  0.11540078E+00  0.00000000E+00  0.00000000E+00
   0.40000     0.33995325E+00  0.11540078E+00  0.00000000E+00  0.00000000E+00
   0.50000     0.33995325E+00  0.11540078E+00  0.00000000E+00  0.00000000E+00
   0.60000     0.33995325E+00  0.11540078E+00  0.00000000E+00  0.00000000E+00
   0.70000     0.33995325E+00  0.11540078E+00  0.00000000E+00  0.00000000E+00
   0.80000     0.33995325E+00  0.11540078E+00  0.00000000E+00  0.00000000E+00
   0.90000     0.33995325E+00  0.11540078E+00  0.00000000E+00  0.00000000E+00
   1.00000     0.33995325E+00  0.11540078E+00  0.00000000E+00  0.00000000E+00
   1.10000     0.33995325E+00  0.11540078E+00  0.00000000E+00  0.00000000E+00
   1.20000     0.33995325E+00  0.11540078E+00  0.00000000E+00  0.00000000E+00
   1.30000     0.33995325E+00  0.11540078E+00  0.00000000E+00  0.00000000E+00
   1.40000     0.33995325E+00  0.11540078E+00  0.00000000E+00  0.00000000E+00
   1.50000     0.33995325E+00  0.11540078E+00  0.00000000E+00  0.00000000E+00
   1.60000     0.33995325E+00  0.11540078E+00  0.00000000E+00  0.00000000E+00
   1.70000     0.33995325E+00  0.11540078E+00  0.00000000E+00  0.00000000E+00
   1.80000     0.33995325E+00  0.11540078E+00  0.00000000E+00  0.00000000E+00
   1.90000     0.33995325E+00  0.11540078E+00  0.00000000E+00  0.00000000E+00
============================================================================

 SzSz      k=  2   cell_site_pair=  0,  0                                       
                      
   0.00000     0.51663974E+00  0.83086096E-01  0.00000000E+00  0.75863166E-17
   0.10000     0.46204201E+00  0.83138861E-01  0.00000000E+00  0.50723981E-17
   0.20000     0.41753481E+00  0.83920985E-01  0.00000000E+00  0.20155666E-17
   0.30000     0.38161012E+00  0.81090875E-01  0.00000000E+00  0.25026054E-17
   0.40000     0.35238279E+00  0.80017425E-01  0.86736174E-18  0.40729075E-17
   0.50000     0.32845496E+00  0.80814727E-01 -0.43368087E-18  0.25693533E-17
   0.60000     0.30929731E+00  0.80751993E-01 -0.86736174E-18  0.41602859E-17
   0.70000     0.29351867E+00  0.84235922E-01  0.86736174E-18  0.30303402E-17
   0.80000     0.28217413E+00  0.89421786E-01  0.00000000E+00  0.27599282E-17
   0.90000     0.27545961E+00  0.91370232E-01  0.00000000E+00  0.13645450E-17
   1.00000     0.27298017E+00  0.92826590E-01  0.43368087E-18  0.32460947E-17
   1.10000     0.27545961E+00  0.91370232E-01  0.00000000E+00  0.13010426E-17
   1.20000     0.28217413E+00  0.89421786E-01  0.00000000E+00  0.33170207E-17
   1.30000     0.29351867E+00  0.84235922E-01  0.43368087E-18  0.22907218E-17
   1.40000     0.30929731E+00  0.80751993E-01  0.86736174E-18  0.30233499E-17
   1.50000     0.32845496E+00  0.80814727E-01 -0.43368087E-18  0.45629330E-17
   1.60000     0.35238279E+00  0.80017425E-01  0.00000000E+00  0.39247520E-17
   1.70000     0.38161012E+00  0.81090875E-01  0.00000000E+00  0.21770606E-17
   1.80000     0.41753481E+00  0.83920985E-01  0.00000000E+00  0.11636879E-17
   1.90000     0.46204201E+00  0.83138861E-01  0.00000000E+00  0.20155666E-17
============================================================================

 SzSz      k=  3   cell_site_pair=  0,  0                                       
                      
   0.00000     0.69454131E+00  0.14472188E+00  0.52041704E-17  0.16353852E-16
   0.10000     0.58968797E+00  0.14371854E+00  0.86736174E-18  0.68844704E-17
   0.20000     0.51545081E+00  0.14831966E+00  0.86736174E-18  0.45998802E-17
   0.30000     0.45974091E+00  0.15292884E+00  0.00000000E+00  0.53008505E-17
   0.40000     0.41980170E+00  0.15881918E+00 -0.26020852E-17  0.94627932E-17
   0.50000     0.39250057E+00  0.15874454E+00 -0.21684043E-17  0.76085967E-17
   0.60000     0.37185179E+00  0.15992048E+00  0.00000000E+00  0.18965791E-17
   0.70000     0.35669851E+00  0.15707918E+00  0.00000000E+00  0.32655910E-17
   0.80000     0.34655393E+00  0.15184543E+00  0.00000000E+00  0.37763868E-17
   0.90000     0.34040882E+00  0.14267153E+00 -0.86736174E-18  0.24685547E-17
   1.00000     0.33843747E+00  0.14582597E+00 -0.86736174E-18  0.36336142E-17
   1.10000     0.34040882E+00  0.14267153E+00 -0.43368087E-18  0.21079300E-17
   1.20000     0.34655393E+00  0.15184543E+00  0.00000000E+00  0.33739423E-17
   1.30000     0.35669851E+00  0.15707918E+00  0.00000000E+00  0.35212376E-17
   1.40000     0.37185179E+00  0.15992048E+00 -0.86736174E-18  0.33989350E-17
   1.50000     0.39250057E+00  0.15874454E+00 -0.21684043E-17  0.75639711E-17
   1.60000     0.41980170E+00  0.15881918E+00 -0.17347235E-17  0.70544833E-17
   1.70000     0.45974091E+00  0.15292884E+00  0.17347235E-17  0.87567027E-17
   1.80000     0.51545081E+00  0.14831966E+00  0.86736174E-18  0.38595160E-17
   1.90000     0.58968797E+00  0.14371854E+00  0.86736174E-18  0.62666508E-17
============================================================================

 SzSz      k=  4   cell_site_pair=  0,  0                                       
                      
   0.00000     0.71475582E+00  0.13229869E+00  0.11555580E-32  0.00000000E+00
   0.10000     0.61127262E+00  0.12933773E+00  0.10592615E-32  0.00000000E+00
   0.20000     0.53763056E+00  0.13034287E+00  0.50074179E-32  0.00000000E+00
   0.30000     0.48511168E+00  0.13280082E+00 -0.52000108E-32  0.00000000E+00
   0.40000     0.44475570E+00  0.12896557E+00  0.21185229E-32  0.00000000E+00
   0.50000     0.41632237E+00  0.12825221E+00  0.96296497E-34  0.00000000E+00
   0.60000     0.39428827E+00  0.12611216E+00  0.11555580E-32  0.00000000E+00
   0.70000     0.38036695E+00  0.13184258E+00 -0.13000027E-32  0.00000000E+00
   0.80000     0.36838808E+00  0.13567379E+00  0.11074097E-32  0.00000000E+00
   0.90000     0.36262470E+00  0.13149540E+00  0.39000081E-32  0.00000000E+00
   1.00000     0.36099018E+00  0.12877759E+00  0.62592723E-32  0.00000000E+00
   1.10000     0.36262470E+00  0.13149540E+00  0.77037198E-33  0.00000000E+00
   1.20000     0.36838808E+00  0.13567379E+00  0.62592723E-33  0.00000000E+00
   1.30000     0.38036695E+00  0.13184258E+00 -0.12518545E-32  0.00000000E+00
   1.40000     0.39428827E+00  0.12611216E+00  0.62592723E-33  0.00000000E+00
   1.50000     0.41632237E+00  0.12825221E+00 -0.86666847E-33  0.00000000E+00
   1.60000     0.44475570E+00  0.12896557E+00  0.36592669E-32  0.00000000E+00
   1.70000     0.48511168E+00  0.13280082E+00  0.96296497E-33  0.00000000E+00
   1.80000     0.53763056E+00  0.13034287E+00  0.60666793E-32  0.00000000E+00
   1.90000     0.61127262E+00  0.12933773E+00  0.48148249E-33  0.00000000E+00
============================================================================

 SzSz      k=  5   cell_site_pair=  0,  0                                       
                      
   0.00000     0.91255533E+00  0.11000060E+00  0.00000000E+00  0.41142578E-17
   0.10000     0.75607903E+00  0.11485711E+00  0.86736174E-18  0.44311917E-17
   0.20000     0.64587295E+00  0.12159202E+00 -0.86736174E-18  0.32133382E-17
   0.30000     0.56699986E+00  0.11628514E+00  0.00000000E+00  0.30233499E-17
   0.40000     0.50836430E+00  0.11273805E+00 -0.86736174E-18  0.45443467E-17
   0.50000     0.46503648E+00  0.11741596E+00  0.00000000E+00  0.49882726E-17
   0.60000     0.43175348E+00  0.11256757E+00  0.43368087E-18  0.33170207E-17
   0.70000     0.41188118E+00  0.11925155E+00  0.00000000E+00  0.10077833E-17
   0.80000     0.39581078E+00  0.11864487E+00  0.00000000E+00  0.15530983E-17
   0.90000     0.38850260E+00  0.11452682E+00  0.00000000E+00  0.21477058E-17
   1.00000     0.38712796E+00  0.11863483E+00  0.43368087E-18  0.26663439E-17
   1.10000     0.38850260E+00  0.11452682E+00  0.00000000E+00  0.21477058E-17
   1.20000     0.39581078E+00  0.11864487E+00  0.00000000E+00  0.10285645E-17
   1.30000     0.41188118E+00  0.11925155E+00  0.43368087E-18  0.16457032E-17
   1.40000     0.43175348E+00  0.11256757E+00  0.43368087E-18  0.38649944E-17
   1.50000     0.46503648E+00  0.11741596E+00  0.00000000E+00  0.52041704E-17
   1.60000     0.50836430E+00  0.11273805E+00 -0.86736174E-18  0.41142578E-17
   1.70000     0.56699986E+00  0.11628514E+00  0.00000000E+00  0.25361990E-17
   1.80000     0.64587295E+00  0.12159202E+00  0.00000000E+00  0.39676467E-17
   1.90000     0.75607903E+00  0.11485711E+00  0.86736174E-18  0.45814436E-17
============================================================================

 SzSz      k=  6   cell_site_pair=  0,  0                                       
                      
   0.00000     0.15842385E+01  0.54144055E+00  0.00000000E+00  0.00000000E+00
   0.10000     0.13849462E+01  0.53982306E+00 -0.63555688E-32  0.00000000E+00
   0.20000     0.12452954E+01  0.54464656E+00 -0.39481564E-32  0.00000000E+00
   0.30000     0.11420306E+01  0.56210458E+00  0.26000054E-32  0.00000000E+00
   0.40000     0.10712290E+01  0.55438119E+00 -0.14829661E-31  0.00000000E+00
   0.50000     0.10169800E+01  0.56220251E+00  0.33703774E-32  0.00000000E+00
   0.60000     0.97920836E+00  0.55009049E+00  0.21185229E-32  0.00000000E+00
   0.70000     0.95717597E+00  0.57000589E+00 -0.11988914E-31  0.00000000E+00
   0.80000     0.95387522E+00  0.55446237E+00  0.16370405E-32  0.00000000E+00
   0.90000     0.96039356E+00  0.55641854E+00 -0.59222346E-32  0.00000000E+00
   1.00000     0.95893468E+00  0.56950289E+00 -0.35148221E-32  0.00000000E+00
   1.10000     0.96039356E+00  0.55641854E+00 -0.60666793E-32  0.00000000E+00
   1.20000     0.95387522E+00  0.55446237E+00  0.15407440E-32  0.00000000E+00
   1.30000     0.95717597E+00  0.57000589E+00 -0.54407521E-32  0.00000000E+00
   1.40000     0.97920836E+00  0.55009049E+00  0.57777898E-33  0.00000000E+00
   1.50000     0.10169800E+01  0.56220251E+00  0.18296334E-32  0.00000000E+00
   1.60000     0.10712290E+01  0.55438119E+00  0.66444583E-32  0.00000000E+00
   1.70000     0.11420306E+01  0.56210458E+00  0.34666739E-32  0.00000000E+00
   1.80000     0.12452954E+01  0.54464656E+00 -0.74148303E-32  0.00000000E+00
   1.90000     0.13849462E+01  0.53982306E+00 -0.52963073E-32  0.00000000E+00
============================================================================

