STARTING JOB: Nov 26  16:35:15  2018
 ============================================================================
 Initialization time:  1.5068999E-02 (second)
 Initialization time:  2.5114996E-04 (minutes)
 Initialization time:  4.1858329E-06 (hours)
 -------------------------------------------------
 Warmup time:  0.7143290     (second)
 Warmup time:  1.1905483E-02 (minutes)
 Warmup time:  1.9842472E-04 (hours)
 -------------------------------------------------
 Meas time:   1.807009     (second)
 Meas time:  3.0116817E-02 (minutes)
 Meas time:  5.0194695E-04 (hours)
 ============================================================================
 General Geometry - Free Format                                                 
  
                          U :            4.000000
                       t_up :            1.000000
                       t_dn :            1.000000
                      mu_up :            0.000000
                      mu_dn :            0.000000
             Time slice - L :           20
            Number of sites :           16
                       dtau :            0.100000
                       beta :            2.000000
     Number of warmup sweep :         1500
Number of measurement sweep :         4000/10  * MPI =   1
 Warm steps between measure :           10
                Random seed :      1234567
 Frequency of recomputing G :           12
Global move number of sites :            0
Global move in warmup       :            0
               Accept count :       867388
               Reject count :       808871
    Approximate accept rate :            0.517455
                      gamma :            0.485055
           Type of matrix B : Dense MatB  
         Type of matrix HSF : discrete
 Sign of equal time measurements:
                   Avg sign :   0.10000000E+01  0.00000000E+00
                Avg up sign :   0.10000000E+01  0.00000000E+00
                Avg dn sign :   0.10000000E+01  0.00000000E+00
============================================================================
 Equal time measurements:
                    Density :   0.10000000E+01  0.00000000E+00
          Up spin occupancy :   0.49846244E+00  0.24671282E-02
        Down spin occupancy :   0.50153756E+00  0.24671282E-02
               <N_up*N_dn>  :   0.12972972E+00  0.86577365E-03
         Local moment <m^2> :   0.74054056E+00  0.17315473E-02
               Total energy :  -0.71777640E+00  0.23609201E-02
Kinetic energy=Ehop+mu_term :  -0.12366953E+01  0.50420528E-02
           Potential energy :   0.51891889E+00  0.34630946E-02
             Hopping energy :  -0.12366953E+01  0.50420528E-02
          UP Kinetic energy :  -0.61834764E+00  0.25210264E-02
          DN Kinetic energy :  -0.61834764E+00  0.25210264E-02
                      <-Kx> :   0.61498974E+00  0.34920944E-02
                   <-Kx_up> :   0.30749487E+00  0.17460472E-02
                   <-Kx_dn> :   0.30749487E+00  0.17460472E-02
                Chi_thermal :  -0.14979459E+03  0.45995320E+00
              Specific heat :   0.60211785E+03  0.53469238E+01
  XX Ferro structure factor :   0.32781090E+00  0.72006013E-02
  ZZ Ferro structure factor :   0.33995325E+00  0.12822308E-01
     XX AF structure factor :   0.15533170E+01  0.13902094E-01
  Root Mean Square of XX AF :   0.16338359E+01  0.20613742E-01
     ZZ AF structure factor :   0.15842385E+01  0.60160060E-01
  Root Mean Square of ZZ AF :   0.22255412E+01  0.73275778E-01
    CDW AF structure factor :   0.39248280E+00  0.23504603E-02
Den*Den AF structure factor :   0.39248280E+00  0.23504603E-02
Den+Den AF structure factor :   0.00000000E+00  0.00000000E+00
 s-wave FM structure factor :   0.19624140E+00  0.11752301E-02
============================================================================
 Mean Equal time Green's function:
  0  0   16   0.000   0.000   0.000       0.50000000E+00  0.00000000E+00
  0  0   64   1.000   0.000   0.000      -0.15458691E+00  0.63025659E-03
  0  0   32   2.000   0.000   0.000       0.64982165E-17  0.20096799E-16
  0  0   64   1.000   1.000   0.000      -0.22419711E-16  0.11350906E-16
  0  0   64   2.000   1.000   0.000       0.40388441E-01  0.39948300E-03
  0  0   16   2.000   2.000   0.000       0.71131506E-16  0.27276132E-16
============================================================================
 Up Equal time Green's function:
  0  0   16   0.000   0.000   0.000       0.50153756E+00  0.24671282E-02
  0  0   64   1.000   0.000   0.000      -0.15458691E+00  0.63025659E-03
  0  0   32   2.000   0.000   0.000       0.13981124E-03  0.10943866E-02
  0  0   64   1.000   1.000   0.000       0.17747034E-03  0.56933117E-03
  0  0   64   2.000   1.000   0.000       0.40388441E-01  0.39948300E-03
  0  0   16   2.000   2.000   0.000       0.34889452E-03  0.18600352E-02
============================================================================
 Down Equal time Green's function:
  0  0   16   0.000   0.000   0.000       0.49846244E+00  0.24671282E-02
  0  0   64   1.000   0.000   0.000      -0.15458691E+00  0.63025659E-03
  0  0   32   2.000   0.000   0.000      -0.13981124E-03  0.10943866E-02
  0  0   64   1.000   1.000   0.000      -0.17747034E-03  0.56933117E-03
  0  0   64   2.000   1.000   0.000       0.40388441E-01  0.39948300E-03
  0  0   16   2.000   2.000   0.000      -0.34889452E-03  0.18600352E-02
============================================================================
 Density-density correlation fn: (up-up)
  0  0   16   0.000   0.000   0.000       0.50000000E+00  0.00000000E+00
  0  0   64   1.000   0.000   0.000       0.20877186E+00  0.10088398E-02
  0  0   32   2.000   0.000   0.000       0.25792669E+00  0.15153751E-02
  0  0   64   1.000   1.000   0.000       0.25663942E+00  0.11343254E-02
  0  0   64   2.000   1.000   0.000       0.24215120E+00  0.11745591E-02
  0  0   16   2.000   2.000   0.000       0.25546152E+00  0.21574867E-02
============================================================================
 Density-density correlation fn: (up-dn)
  0  0   16   0.000   0.000   0.000       0.12972972E+00  0.86577365E-03
  0  0   64   1.000   0.000   0.000       0.27240050E+00  0.10037224E-02
  0  0   32   2.000   0.000   0.000       0.23994112E+00  0.15230662E-02
  0  0   64   1.000   1.000   0.000       0.24118067E+00  0.11240714E-02
  0  0   64   2.000   1.000   0.000       0.25629040E+00  0.11875220E-02
  0  0   16   2.000   2.000   0.000       0.24249001E+00  0.21589724E-02
============================================================================
 XX Spin correlation function:
  0  0   16   0.000   0.000   0.000       0.74054056E+00  0.17315473E-02
  0  0   64   1.000   0.000   0.000      -0.12467258E+00  0.22122159E-02
  0  0   32   2.000   0.000   0.000       0.28255419E-01  0.14297864E-02
  0  0   64   1.000   1.000   0.000       0.28862852E-01  0.75714425E-03
  0  0   64   2.000   1.000   0.000      -0.28515681E-01  0.13610954E-02
  0  0   16   2.000   2.000   0.000       0.28061150E-01  0.20953165E-02
============================================================================
 ZZ Spin correlation function:
  0  0   16   0.000   0.000   0.000       0.74054056E+00  0.17315473E-02
  0  0   64   1.000   0.000   0.000      -0.12725728E+00  0.40179098E-02
  0  0   32   2.000   0.000   0.000       0.35971136E-01  0.60763020E-02
  0  0   64   1.000   1.000   0.000       0.30917507E-01  0.45166114E-02
  0  0   64   2.000   1.000   0.000      -0.28278380E-01  0.47239207E-02
  0  0   16   2.000   2.000   0.000       0.25943022E-01  0.86317998E-02
============================================================================
 Average Spin correlation function:
  0  0   16   0.000   0.000   0.000       0.74054056E+00  0.17315473E-02
  0  0   64   1.000   0.000   0.000      -0.12553415E+00  0.11380655E-02
  0  0   32   2.000   0.000   0.000       0.30827324E-01  0.15428256E-02
  0  0   64   1.000   1.000   0.000       0.29547737E-01  0.14589409E-02
  0  0   64   2.000   1.000   0.000      -0.28436581E-01  0.16520337E-02
  0  0   16   2.000   2.000   0.000       0.27355107E-01  0.30504673E-02
============================================================================
 Pairing correlation function:
  0  0   16   0.000   0.000   0.000       0.12972972E+00  0.86577365E-03
  0  0   64   1.000   0.000   0.000       0.18827647E-01  0.12055405E-03
  0  0   32   2.000   0.000   0.000      -0.21321956E-02  0.42702002E-04
  0  0   64   1.000   1.000   0.000      -0.21799129E-02  0.22724373E-04
  0  0   64   2.000   1.000   0.000       0.15584001E-02  0.27170265E-04
  0  0   16   2.000   2.000   0.000      -0.20484692E-02  0.69489774E-04
============================================================================
 Grid for Green's function
  K-points
  Class
    1         0.00000   0.00000
 
    2         0.00000  -1.57080
              0.00000   1.57080
             -1.57080   0.00000
              1.57080   0.00000
 
    3        -1.57080  -1.57080
              1.57080  -1.57080
             -1.57080   1.57080
              1.57080   1.57080
 
    4         0.00000  -3.14159
             -3.14159   0.00000
 
    5        -1.57080  -3.14159
              1.57080  -3.14159
             -3.14159  -1.57080
             -3.14159   1.57080
 
    6        -3.14159  -3.14159
 
============================================================================
 Grid for spin/charge correlations
  K-points
  Class
    1         0.00000   0.00000
 
    2         0.00000  -1.57080
              0.00000   1.57080
             -1.57080   0.00000
              1.57080   0.00000
 
    3        -1.57080  -1.57080
              1.57080  -1.57080
             -1.57080   1.57080
              1.57080   1.57080
 
    4         0.00000  -3.14159
             -3.14159   0.00000
 
    5        -1.57080  -3.14159
              1.57080  -3.14159
             -3.14159  -1.57080
             -3.14159   1.57080
 
    6        -3.14159  -3.14159
 
============================================================================
 FT of Ave Equal t Green's function:
    1    0    0                 0.43206120E-01  0.16835712E-02
    2    0    0                 0.11004930E+00  0.19354269E-02
    3    0    0                 0.50000000E+00  0.00000000E+00
    4    0    0                 0.50000000E+00  0.52662502E-16
    5    0    0                 0.88995070E+00  0.19354269E-02
    6    0    0                 0.95679388E+00  0.16835712E-02
============================================================================
 FT of Up Equal t Green's function:
    1    0    0                 0.46082074E-01  0.21682597E-02
    2    0    0                 0.11123796E+00  0.28465428E-02
    3    0    0                 0.50160683E+00  0.61790794E-02
    4    0    0                 0.50145619E+00  0.42906312E-02
    5    0    0                 0.89113937E+00  0.19774325E-02
    6    0    0                 0.95966983E+00  0.22700409E-02
============================================================================
 FT of Dn Equal t Green's function:
    1    0    0                 0.40330166E-01  0.22700409E-02
    2    0    0                 0.10886063E+00  0.19774325E-02
    3    0    0                 0.49839317E+00  0.61790794E-02
    4    0    0                 0.49854381E+00  0.42906312E-02
    5    0    0                 0.88876204E+00  0.28465428E-02
    6    0    0                 0.95391793E+00  0.21682597E-02
============================================================================
 FT of Density-density correlation fn: (up-up)
    1    0    0                 0.41015648E+01  0.32563730E-02
    2    0    0                 0.17777978E+00  0.23695451E-02
    3    0    0                 0.23960815E+00  0.38556066E-02
    4    0    0                 0.24475721E+00  0.38335679E-02
    5    0    0                 0.31129717E+00  0.30326753E-02
    6    0    0                 0.49418033E+00  0.15001049E-01
============================================================================
 FT of Density-density correlation fn: (up-dn)
    1    0    0                 0.39315882E+01  0.31717416E-02
    2    0    0                -0.80540087E-01  0.23142787E-02
    3    0    0                -0.10766251E+00  0.42246883E-02
    4    0    0                -0.11262070E+00  0.35547683E-02
    5    0    0                -0.14498049E+00  0.31697242E-02
    6    0    0                -0.29793893E+00  0.15101762E-01
============================================================================
 FT of XX spin correlation fn:
    1    0    0                 0.32781090E+00  0.72006013E-02
    2    0    0                 0.52016560E+00  0.66001168E-02
    3    0    0                 0.71209087E+00  0.34154473E-02
    4    0    0                 0.70966114E+00  0.33234802E-02
    5    0    0                 0.90479321E+00  0.64028041E-02
    6    0    0                 0.15533170E+01  0.13902094E-01
============================================================================
 FT of ZZ spin correlation fn:
    1    0    0                 0.33995325E+00  0.12822308E-01
    2    0    0                 0.51663974E+00  0.92317887E-02
    3    0    0                 0.69454131E+00  0.16080209E-01
    4    0    0                 0.71475582E+00  0.14699854E-01
    5    0    0                 0.91255533E+00  0.12222289E-01
    6    0    0                 0.15842385E+01  0.60160060E-01
============================================================================
 FT of Average spin correlation fn:
    1    0    0                 0.33185835E+00  0.43529667E-02
    2    0    0                 0.51899032E+00  0.50772375E-02
    3    0    0                 0.70624102E+00  0.51413587E-02
    4    0    0                 0.71135936E+00  0.45515378E-02
    5    0    0                 0.90738058E+00  0.53873338E-02
    6    0    0                 0.15636242E+01  0.16777721E-01
============================================================================
 FT of Pairing correlation fn:
    1    0    0                 0.19624140E+00  0.11752301E-02
    2    0    0                 0.16631668E+00  0.10688556E-02
    3    0    0                 0.13194564E+00  0.88549770E-03
    4    0    0                 0.13213651E+00  0.80237915E-03
    5    0    0                 0.97239697E-01  0.79673003E-03
    6    0    0                 0.33153022E-01  0.47426018E-03
============================================================================
 Total time:   2.550532     (second)
 Total time:  4.2508867E-02 (minutes)
 Total time:  7.0848112E-04 (hours)
